Build started 2/27/2017 6:10:17 PM.
     1>Project "D:\Documents\SD_internship\Prog\Test_writing\NUFFT\NUFFT_CUDA_V3\NUFFT_CUDA_V3.vcxproj" on node 2 (Build target(s)).
     1>AddCudaCompileDeps:
         C:\Program Files (x86)\Microsoft Visual Studio 12.0\VC\bin\x86_amd64\cl.exe /E /nologo /showIncludes /TP /D__CUDACC__ /DWIN32 /DWIN64 /DNDEBUG /D_CONSOLE /D_MBCS /I..\NUFFT_V3 /I"C:\Program Files\NVIDIA GPU Computing Toolkit\CUDA\v7.5\include" /I"C:\Program Files\NVIDIA GPU Computing Toolkit\CUDA\v7.5\bin" /I"C:\Program Files\NVIDIA GPU Computing Toolkit\CUDA\v7.5\include" /I. /FIcuda_runtime.h /c D:\Documents\SD_internship\Prog\Test_writing\NUFFT\NUFFT_CUDA_V3\direct_static_scalar_gpu.cu 
       AddCudaCompileDeps:
         C:\Program Files (x86)\Microsoft Visual Studio 12.0\VC\bin\x86_amd64\cl.exe /E /nologo /showIncludes /TP /D__CUDACC__ /DWIN32 /DWIN64 /DNDEBUG /D_CONSOLE /D_MBCS /I..\NUFFT_V3 /I"C:\Program Files\NVIDIA GPU Computing Toolkit\CUDA\v7.5\include" /I"C:\Program Files\NVIDIA GPU Computing Toolkit\CUDA\v7.5\bin" /I"C:\Program Files\NVIDIA GPU Computing Toolkit\CUDA\v7.5\include" /I. /FIcuda_runtime.h /c D:\Documents\SD_internship\Prog\Test_writing\NUFFT\NUFFT_CUDA_V3\direct_static_scalar_gpu_kernel.cu 
       AddCudaCompileDeps:
         C:\Program Files (x86)\Microsoft Visual Studio 12.0\VC\bin\x86_amd64\cl.exe /E /nologo /showIncludes /TP /D__CUDACC__ /DWIN32 /DWIN64 /DNDEBUG /D_CONSOLE /D_MBCS /I..\NUFFT_V3 /I"C:\Program Files\NVIDIA GPU Computing Toolkit\CUDA\v7.5\include" /I"C:\Program Files\NVIDIA GPU Computing Toolkit\CUDA\v7.5\bin" /I"C:\Program Files\NVIDIA GPU Computing Toolkit\CUDA\v7.5\include" /I. /FIcuda_runtime.h /c D:\Documents\SD_internship\Prog\Test_writing\NUFFT\NUFFT_CUDA_V3\direct_static_vector_gpu.cu 
       AddCudaCompileDeps:
         C:\Program Files (x86)\Microsoft Visual Studio 12.0\VC\bin\x86_amd64\cl.exe /E /nologo /showIncludes /TP /D__CUDACC__ /DWIN32 /DWIN64 /DNDEBUG /D_CONSOLE /D_MBCS /I..\NUFFT_V3 /I"C:\Program Files\NVIDIA GPU Computing Toolkit\CUDA\v7.5\include" /I"C:\Program Files\NVIDIA GPU Computing Toolkit\CUDA\v7.5\bin" /I"C:\Program Files\NVIDIA GPU Computing Toolkit\CUDA\v7.5\include" /I. /FIcuda_runtime.h /c D:\Documents\SD_internship\Prog\Test_writing\NUFFT\NUFFT_CUDA_V3\direct_static_vector_gpu_kernel.cu 
       AddCudaCompileDeps:
         C:\Program Files (x86)\Microsoft Visual Studio 12.0\VC\bin\x86_amd64\cl.exe /E /nologo /showIncludes /TP /D__CUDACC__ /DWIN32 /DWIN64 /DNDEBUG /D_CONSOLE /D_MBCS /I..\NUFFT_V3 /I"C:\Program Files\NVIDIA GPU Computing Toolkit\CUDA\v7.5\include" /I"C:\Program Files\NVIDIA GPU Computing Toolkit\CUDA\v7.5\bin" /I"C:\Program Files\NVIDIA GPU Computing Toolkit\CUDA\v7.5\include" /I. /FIcuda_runtime.h /c D:\Documents\SD_internship\Prog\Test_writing\NUFFT\NUFFT_CUDA_V3\field_gpu.cu 
       AddCudaCompileDeps:
         C:\Program Files (x86)\Microsoft Visual Studio 12.0\VC\bin\x86_amd64\cl.exe /E /nologo /showIncludes /TP /D__CUDACC__ /DWIN32 /DWIN64 /DNDEBUG /D_CONSOLE /D_MBCS /I..\NUFFT_V3 /I"C:\Program Files\NVIDIA GPU Computing Toolkit\CUDA\v7.5\include" /I"C:\Program Files\NVIDIA GPU Computing Toolkit\CUDA\v7.5\bin" /I"C:\Program Files\NVIDIA GPU Computing Toolkit\CUDA\v7.5\include" /I. /FIcuda_runtime.h /c D:\Documents\SD_internship\Prog\Test_writing\NUFFT\NUFFT_CUDA_V3\field_static_scalar_gpu.cu 
       AddCudaCompileDeps:
         C:\Program Files (x86)\Microsoft Visual Studio 12.0\VC\bin\x86_amd64\cl.exe /E /nologo /showIncludes /TP /D__CUDACC__ /DWIN32 /DWIN64 /DNDEBUG /D_CONSOLE /D_MBCS /I..\NUFFT_V3 /I"C:\Program Files\NVIDIA GPU Computing Toolkit\CUDA\v7.5\include" /I"C:\Program Files\NVIDIA GPU Computing Toolkit\CUDA\v7.5\bin" /I"C:\Program Files\NVIDIA GPU Computing Toolkit\CUDA\v7.5\include" /I. /FIcuda_runtime.h /c D:\Documents\SD_internship\Prog\Test_writing\NUFFT\NUFFT_CUDA_V3\field_static_vector_gpu.cu 
       AddCudaCompileDeps:
         C:\Program Files (x86)\Microsoft Visual Studio 12.0\VC\bin\x86_amd64\cl.exe /E /nologo /showIncludes /TP /D__CUDACC__ /DWIN32 /DWIN64 /DNDEBUG /D_CONSOLE /D_MBCS /I..\NUFFT_V3 /I"C:\Program Files\NVIDIA GPU Computing Toolkit\CUDA\v7.5\include" /I"C:\Program Files\NVIDIA GPU Computing Toolkit\CUDA\v7.5\bin" /I"C:\Program Files\NVIDIA GPU Computing Toolkit\CUDA\v7.5\include" /I. /FIcuda_runtime.h /c D:\Documents\SD_internship\Prog\Test_writing\NUFFT\NUFFT_CUDA_V3\gpu.cu 
       AddCudaCompileDeps:
         C:\Program Files (x86)\Microsoft Visual Studio 12.0\VC\bin\x86_amd64\cl.exe /E /nologo /showIncludes /TP /D__CUDACC__ /DWIN32 /DWIN64 /DNDEBUG /D_CONSOLE /D_MBCS /I..\NUFFT_V3 /I"C:\Program Files\NVIDIA GPU Computing Toolkit\CUDA\v7.5\include" /I"C:\Program Files\NVIDIA GPU Computing Toolkit\CUDA\v7.5\bin" /I"C:\Program Files\NVIDIA GPU Computing Toolkit\CUDA\v7.5\include" /I. /FIcuda_runtime.h /c D:\Documents\SD_internship\Prog\Test_writing\NUFFT\NUFFT_CUDA_V3\nufft_gpu.cu 
       AddCudaCompileDeps:
         C:\Program Files (x86)\Microsoft Visual Studio 12.0\VC\bin\x86_amd64\cl.exe /E /nologo /showIncludes /TP /D__CUDACC__ /DWIN32 /DWIN64 /DNDEBUG /D_CONSOLE /D_MBCS /I..\NUFFT_V3 /I"C:\Program Files\NVIDIA GPU Computing Toolkit\CUDA\v7.5\include" /I"C:\Program Files\NVIDIA GPU Computing Toolkit\CUDA\v7.5\bin" /I"C:\Program Files\NVIDIA GPU Computing Toolkit\CUDA\v7.5\include" /I. /FIcuda_runtime.h /c D:\Documents\SD_internship\Prog\Test_writing\NUFFT\NUFFT_CUDA_V3\nufft_static_scalar_gpu.cu 
       AddCudaCompileDeps:
         C:\Program Files (x86)\Microsoft Visual Studio 12.0\VC\bin\x86_amd64\cl.exe /E /nologo /showIncludes /TP /D__CUDACC__ /DWIN32 /DWIN64 /DNDEBUG /D_CONSOLE /D_MBCS /I..\NUFFT_V3 /I"C:\Program Files\NVIDIA GPU Computing Toolkit\CUDA\v7.5\include" /I"C:\Program Files\NVIDIA GPU Computing Toolkit\CUDA\v7.5\bin" /I"C:\Program Files\NVIDIA GPU Computing Toolkit\CUDA\v7.5\include" /I. /FIcuda_runtime.h /c D:\Documents\SD_internship\Prog\Test_writing\NUFFT\NUFFT_CUDA_V3\nufft_static_scalar_gpu_kernel.cu 
       AddCudaCompileDeps:
         C:\Program Files (x86)\Microsoft Visual Studio 12.0\VC\bin\x86_amd64\cl.exe /E /nologo /showIncludes /TP /D__CUDACC__ /DWIN32 /DWIN64 /DNDEBUG /D_CONSOLE /D_MBCS /I..\NUFFT_V3 /I"C:\Program Files\NVIDIA GPU Computing Toolkit\CUDA\v7.5\include" /I"C:\Program Files\NVIDIA GPU Computing Toolkit\CUDA\v7.5\bin" /I"C:\Program Files\NVIDIA GPU Computing Toolkit\CUDA\v7.5\include" /I. /FIcuda_runtime.h /c D:\Documents\SD_internship\Prog\Test_writing\NUFFT\NUFFT_CUDA_V3\nufft_static_vector_gpu.cu 
       AddCudaCompileDeps:
         C:\Program Files (x86)\Microsoft Visual Studio 12.0\VC\bin\x86_amd64\cl.exe /E /nologo /showIncludes /TP /D__CUDACC__ /DWIN32 /DWIN64 /DNDEBUG /D_CONSOLE /D_MBCS /I..\NUFFT_V3 /I"C:\Program Files\NVIDIA GPU Computing Toolkit\CUDA\v7.5\include" /I"C:\Program Files\NVIDIA GPU Computing Toolkit\CUDA\v7.5\bin" /I"C:\Program Files\NVIDIA GPU Computing Toolkit\CUDA\v7.5\include" /I. /FIcuda_runtime.h /c D:\Documents\SD_internship\Prog\Test_writing\NUFFT\NUFFT_CUDA_V3\nufft_static_vector_gpu_kernel.cu 
       CudaBuild:
         Compiling CUDA source file direct_static_scalar_gpu.cu...
         cmd.exe /C "C:\Users\arakiri\AppData\Local\Temp\tmp3c92f8a7595944ddae764ecb295f3175.cmd"
         "C:\Program Files\NVIDIA GPU Computing Toolkit\CUDA\v7.5\bin\nvcc.exe" -gencode=arch=compute_20,code=\"sm_20,compute_20\" --use-local-env --cl-version 2013 -Xcompiler -openmp -ccbin "C:\Program Files (x86)\Microsoft Visual Studio 12.0\VC\bin\x86_amd64"  -I..\NUFFT_V3 -I"C:\Program Files\NVIDIA GPU Computing Toolkit\CUDA\v7.5\include" -I"C:\Program Files\NVIDIA GPU Computing Toolkit\CUDA\v7.5\include"     --keep-dir x64\Release -maxrregcount=0  --machine 64 --compile -cudart static     -DWIN32 -DWIN64 -DNDEBUG -D_CONSOLE -D_MBCS -Xcompiler "/EHsc /W3 /nologo /O2 /Zi  /MT " -o x64\Release\direct_static_scalar_gpu.cu.obj "D:\Documents\SD_internship\Prog\Test_writing\NUFFT\NUFFT_CUDA_V3\direct_static_scalar_gpu.cu"
         
         D:\Documents\SD_internship\Prog\Test_writing\NUFFT\NUFFT_CUDA_V3>"C:\Program Files\NVIDIA GPU Computing Toolkit\CUDA\v7.5\bin\nvcc.exe" -gencode=arch=compute_20,code=\"sm_20,compute_20\" --use-local-env --cl-version 2013 -Xcompiler -openmp -ccbin "C:\Program Files (x86)\Microsoft Visual Studio 12.0\VC\bin\x86_amd64"  -I..\NUFFT_V3 -I"C:\Program Files\NVIDIA GPU Computing Toolkit\CUDA\v7.5\include" -I"C:\Program Files\NVIDIA GPU Computing Toolkit\CUDA\v7.5\include"     --keep-dir x64\Release -maxrregcount=0  --machine 64 --compile -cudart static     -DWIN32 -DWIN64 -DNDEBUG -D_CONSOLE -D_MBCS -Xcompiler "/EHsc /W3 /nologo /O2 /Zi  /MT " -o x64\Release\direct_static_scalar_gpu.cu.obj "D:\Documents\SD_internship\Prog\Test_writing\NUFFT\NUFFT_CUDA_V3\direct_static_scalar_gpu.cu" 
     1>D:/Documents/SD_internship/Prog/Test_writing/NUFFT/NUFFT_CUDA_V3/direct_static_scalar_gpu.cu(44): warning : variable "_cuda_error" was declared but never referenced
     1>D:/Documents/SD_internship/Prog/Test_writing/NUFFT/NUFFT_CUDA_V3/direct_static_scalar_gpu.cu(44): warning : variable "_cuda_error" was declared but never referenced
         direct_static_scalar_gpu.cu
     1>d:\documents\sd_internship\prog\test_writing\nufft\nufft_cuda_v3\field_static_scalar_gpu.h(60): warning C4250: 'NBODYFAST_NS::FieldStaticScalarGpu' : inherits 'NBODYFAST_NS::FieldGpu::NBODYFAST_NS::FieldGpu::coord_alloc' via dominance
                 d:\documents\sd_internship\prog\test_writing\nufft\nufft_cuda_v3\field_gpu.h(23) : see declaration of 'NBODYFAST_NS::FieldGpu::coord_alloc'
     1>D:/Documents/SD_internship/Prog/Test_writing/NUFFT/NUFFT_CUDA_V3/direct_static_scalar_gpu.cu(44): warning C4101: '_cuda_error' : unreferenced local variable
       CudaBuild:
         Compiling CUDA source file direct_static_scalar_gpu_kernel.cu...
         cmd.exe /C "C:\Users\arakiri\AppData\Local\Temp\tmpe62e4b53305546058f66c15303bf0c81.cmd"
         "C:\Program Files\NVIDIA GPU Computing Toolkit\CUDA\v7.5\bin\nvcc.exe" -gencode=arch=compute_20,code=\"sm_20,compute_20\" --use-local-env --cl-version 2013 -Xcompiler -openmp -ccbin "C:\Program Files (x86)\Microsoft Visual Studio 12.0\VC\bin\x86_amd64"  -I..\NUFFT_V3 -I"C:\Program Files\NVIDIA GPU Computing Toolkit\CUDA\v7.5\include" -I"C:\Program Files\NVIDIA GPU Computing Toolkit\CUDA\v7.5\include"     --keep-dir x64\Release -maxrregcount=0  --machine 64 --compile -cudart static     -DWIN32 -DWIN64 -DNDEBUG -D_CONSOLE -D_MBCS -Xcompiler "/EHsc /W3 /nologo /O2 /Zi  /MT " -o x64\Release\direct_static_scalar_gpu_kernel.cu.obj "D:\Documents\SD_internship\Prog\Test_writing\NUFFT\NUFFT_CUDA_V3\direct_static_scalar_gpu_kernel.cu"
         
         D:\Documents\SD_internship\Prog\Test_writing\NUFFT\NUFFT_CUDA_V3>"C:\Program Files\NVIDIA GPU Computing Toolkit\CUDA\v7.5\bin\nvcc.exe" -gencode=arch=compute_20,code=\"sm_20,compute_20\" --use-local-env --cl-version 2013 -Xcompiler -openmp -ccbin "C:\Program Files (x86)\Microsoft Visual Studio 12.0\VC\bin\x86_amd64"  -I..\NUFFT_V3 -I"C:\Program Files\NVIDIA GPU Computing Toolkit\CUDA\v7.5\include" -I"C:\Program Files\NVIDIA GPU Computing Toolkit\CUDA\v7.5\include"     --keep-dir x64\Release -maxrregcount=0  --machine 64 --compile -cudart static     -DWIN32 -DWIN64 -DNDEBUG -D_CONSOLE -D_MBCS -Xcompiler "/EHsc /W3 /nologo /O2 /Zi  /MT " -o x64\Release\direct_static_scalar_gpu_kernel.cu.obj "D:\Documents\SD_internship\Prog\Test_writing\NUFFT\NUFFT_CUDA_V3\direct_static_scalar_gpu_kernel.cu" 
         direct_static_scalar_gpu_kernel.cu
       CudaBuild:
         Compiling CUDA source file direct_static_vector_gpu.cu...
         cmd.exe /C "C:\Users\arakiri\AppData\Local\Temp\tmp1a5042ecff9646ffa6d5acc0b1ee3bea.cmd"
         "C:\Program Files\NVIDIA GPU Computing Toolkit\CUDA\v7.5\bin\nvcc.exe" -gencode=arch=compute_20,code=\"sm_20,compute_20\" --use-local-env --cl-version 2013 -Xcompiler -openmp -ccbin "C:\Program Files (x86)\Microsoft Visual Studio 12.0\VC\bin\x86_amd64"  -I..\NUFFT_V3 -I"C:\Program Files\NVIDIA GPU Computing Toolkit\CUDA\v7.5\include" -I"C:\Program Files\NVIDIA GPU Computing Toolkit\CUDA\v7.5\include"     --keep-dir x64\Release -maxrregcount=0  --machine 64 --compile -cudart static     -DWIN32 -DWIN64 -DNDEBUG -D_CONSOLE -D_MBCS -Xcompiler "/EHsc /W3 /nologo /O2 /Zi  /MT " -o x64\Release\direct_static_vector_gpu.cu.obj "D:\Documents\SD_internship\Prog\Test_writing\NUFFT\NUFFT_CUDA_V3\direct_static_vector_gpu.cu"
         
         D:\Documents\SD_internship\Prog\Test_writing\NUFFT\NUFFT_CUDA_V3>"C:\Program Files\NVIDIA GPU Computing Toolkit\CUDA\v7.5\bin\nvcc.exe" -gencode=arch=compute_20,code=\"sm_20,compute_20\" --use-local-env --cl-version 2013 -Xcompiler -openmp -ccbin "C:\Program Files (x86)\Microsoft Visual Studio 12.0\VC\bin\x86_amd64"  -I..\NUFFT_V3 -I"C:\Program Files\NVIDIA GPU Computing Toolkit\CUDA\v7.5\include" -I"C:\Program Files\NVIDIA GPU Computing Toolkit\CUDA\v7.5\include"     --keep-dir x64\Release -maxrregcount=0  --machine 64 --compile -cudart static     -DWIN32 -DWIN64 -DNDEBUG -D_CONSOLE -D_MBCS -Xcompiler "/EHsc /W3 /nologo /O2 /Zi  /MT " -o x64\Release\direct_static_vector_gpu.cu.obj "D:\Documents\SD_internship\Prog\Test_writing\NUFFT\NUFFT_CUDA_V3\direct_static_vector_gpu.cu" 
     1>D:/Documents/SD_internship/Prog/Test_writing/NUFFT/NUFFT_CUDA_V3/direct_static_vector_gpu.cu(44): warning : variable "_cuda_error" was declared but never referenced
     1>D:/Documents/SD_internship/Prog/Test_writing/NUFFT/NUFFT_CUDA_V3/direct_static_vector_gpu.cu(44): warning : variable "_cuda_error" was declared but never referenced
         direct_static_vector_gpu.cu
     1>d:\documents\sd_internship\prog\test_writing\nufft\nufft_cuda_v3\field_static_vector_gpu.h(60): warning C4250: 'NBODYFAST_NS::FieldStaticVectorGpu' : inherits 'NBODYFAST_NS::FieldGpu::NBODYFAST_NS::FieldGpu::coord_alloc' via dominance
                 d:\documents\sd_internship\prog\test_writing\nufft\nufft_cuda_v3\field_gpu.h(23) : see declaration of 'NBODYFAST_NS::FieldGpu::coord_alloc'
     1>D:/Documents/SD_internship/Prog/Test_writing/NUFFT/NUFFT_CUDA_V3/direct_static_vector_gpu.cu(44): warning C4101: '_cuda_error' : unreferenced local variable
       CudaBuild:
         Compiling CUDA source file direct_static_vector_gpu_kernel.cu...
         cmd.exe /C "C:\Users\arakiri\AppData\Local\Temp\tmpdfef1a49374a468ba0cee7a57d279281.cmd"
         "C:\Program Files\NVIDIA GPU Computing Toolkit\CUDA\v7.5\bin\nvcc.exe" -gencode=arch=compute_20,code=\"sm_20,compute_20\" --use-local-env --cl-version 2013 -Xcompiler -openmp -ccbin "C:\Program Files (x86)\Microsoft Visual Studio 12.0\VC\bin\x86_amd64"  -I..\NUFFT_V3 -I"C:\Program Files\NVIDIA GPU Computing Toolkit\CUDA\v7.5\include" -I"C:\Program Files\NVIDIA GPU Computing Toolkit\CUDA\v7.5\include"     --keep-dir x64\Release -maxrregcount=0  --machine 64 --compile -cudart static     -DWIN32 -DWIN64 -DNDEBUG -D_CONSOLE -D_MBCS -Xcompiler "/EHsc /W3 /nologo /O2 /Zi  /MT " -o x64\Release\direct_static_vector_gpu_kernel.cu.obj "D:\Documents\SD_internship\Prog\Test_writing\NUFFT\NUFFT_CUDA_V3\direct_static_vector_gpu_kernel.cu"
         
         D:\Documents\SD_internship\Prog\Test_writing\NUFFT\NUFFT_CUDA_V3>"C:\Program Files\NVIDIA GPU Computing Toolkit\CUDA\v7.5\bin\nvcc.exe" -gencode=arch=compute_20,code=\"sm_20,compute_20\" --use-local-env --cl-version 2013 -Xcompiler -openmp -ccbin "C:\Program Files (x86)\Microsoft Visual Studio 12.0\VC\bin\x86_amd64"  -I..\NUFFT_V3 -I"C:\Program Files\NVIDIA GPU Computing Toolkit\CUDA\v7.5\include" -I"C:\Program Files\NVIDIA GPU Computing Toolkit\CUDA\v7.5\include"     --keep-dir x64\Release -maxrregcount=0  --machine 64 --compile -cudart static     -DWIN32 -DWIN64 -DNDEBUG -D_CONSOLE -D_MBCS -Xcompiler "/EHsc /W3 /nologo /O2 /Zi  /MT " -o x64\Release\direct_static_vector_gpu_kernel.cu.obj "D:\Documents\SD_internship\Prog\Test_writing\NUFFT\NUFFT_CUDA_V3\direct_static_vector_gpu_kernel.cu" 
         direct_static_vector_gpu_kernel.cu
       CudaBuild:
         Compiling CUDA source file field_gpu.cu...
         cmd.exe /C "C:\Users\arakiri\AppData\Local\Temp\tmpd9ebb781b6f04f93911695260397d055.cmd"
         "C:\Program Files\NVIDIA GPU Computing Toolkit\CUDA\v7.5\bin\nvcc.exe" -gencode=arch=compute_20,code=\"sm_20,compute_20\" --use-local-env --cl-version 2013 -Xcompiler -openmp -ccbin "C:\Program Files (x86)\Microsoft Visual Studio 12.0\VC\bin\x86_amd64"  -I..\NUFFT_V3 -I"C:\Program Files\NVIDIA GPU Computing Toolkit\CUDA\v7.5\include" -I"C:\Program Files\NVIDIA GPU Computing Toolkit\CUDA\v7.5\include"     --keep-dir x64\Release -maxrregcount=0  --machine 64 --compile -cudart static     -DWIN32 -DWIN64 -DNDEBUG -D_CONSOLE -D_MBCS -Xcompiler "/EHsc /W3 /nologo /O2 /Zi  /MT " -o x64\Release\field_gpu.cu.obj "D:\Documents\SD_internship\Prog\Test_writing\NUFFT\NUFFT_CUDA_V3\field_gpu.cu"
         
         D:\Documents\SD_internship\Prog\Test_writing\NUFFT\NUFFT_CUDA_V3>"C:\Program Files\NVIDIA GPU Computing Toolkit\CUDA\v7.5\bin\nvcc.exe" -gencode=arch=compute_20,code=\"sm_20,compute_20\" --use-local-env --cl-version 2013 -Xcompiler -openmp -ccbin "C:\Program Files (x86)\Microsoft Visual Studio 12.0\VC\bin\x86_amd64"  -I..\NUFFT_V3 -I"C:\Program Files\NVIDIA GPU Computing Toolkit\CUDA\v7.5\include" -I"C:\Program Files\NVIDIA GPU Computing Toolkit\CUDA\v7.5\include"     --keep-dir x64\Release -maxrregcount=0  --machine 64 --compile -cudart static     -DWIN32 -DWIN64 -DNDEBUG -D_CONSOLE -D_MBCS -Xcompiler "/EHsc /W3 /nologo /O2 /Zi  /MT " -o x64\Release\field_gpu.cu.obj "D:\Documents\SD_internship\Prog\Test_writing\NUFFT\NUFFT_CUDA_V3\field_gpu.cu" 
         field_gpu.cu
       CudaBuild:
         Compiling CUDA source file field_static_scalar_gpu.cu...
         cmd.exe /C "C:\Users\arakiri\AppData\Local\Temp\tmp8c8410d87f4b42d2ba6713d00e0858e8.cmd"
         "C:\Program Files\NVIDIA GPU Computing Toolkit\CUDA\v7.5\bin\nvcc.exe" -gencode=arch=compute_20,code=\"sm_20,compute_20\" --use-local-env --cl-version 2013 -Xcompiler -openmp -ccbin "C:\Program Files (x86)\Microsoft Visual Studio 12.0\VC\bin\x86_amd64"  -I..\NUFFT_V3 -I"C:\Program Files\NVIDIA GPU Computing Toolkit\CUDA\v7.5\include" -I"C:\Program Files\NVIDIA GPU Computing Toolkit\CUDA\v7.5\include"     --keep-dir x64\Release -maxrregcount=0  --machine 64 --compile -cudart static     -DWIN32 -DWIN64 -DNDEBUG -D_CONSOLE -D_MBCS -Xcompiler "/EHsc /W3 /nologo /O2 /Zi  /MT " -o x64\Release\field_static_scalar_gpu.cu.obj "D:\Documents\SD_internship\Prog\Test_writing\NUFFT\NUFFT_CUDA_V3\field_static_scalar_gpu.cu"
         
         D:\Documents\SD_internship\Prog\Test_writing\NUFFT\NUFFT_CUDA_V3>"C:\Program Files\NVIDIA GPU Computing Toolkit\CUDA\v7.5\bin\nvcc.exe" -gencode=arch=compute_20,code=\"sm_20,compute_20\" --use-local-env --cl-version 2013 -Xcompiler -openmp -ccbin "C:\Program Files (x86)\Microsoft Visual Studio 12.0\VC\bin\x86_amd64"  -I..\NUFFT_V3 -I"C:\Program Files\NVIDIA GPU Computing Toolkit\CUDA\v7.5\include" -I"C:\Program Files\NVIDIA GPU Computing Toolkit\CUDA\v7.5\include"     --keep-dir x64\Release -maxrregcount=0  --machine 64 --compile -cudart static     -DWIN32 -DWIN64 -DNDEBUG -D_CONSOLE -D_MBCS -Xcompiler "/EHsc /W3 /nologo /O2 /Zi  /MT " -o x64\Release\field_static_scalar_gpu.cu.obj "D:\Documents\SD_internship\Prog\Test_writing\NUFFT\NUFFT_CUDA_V3\field_static_scalar_gpu.cu" 
     1>D:/Documents/SD_internship/Prog/Test_writing/NUFFT/NUFFT_CUDA_V3/field_static_scalar_gpu.cu(26): warning : variable "_cuda_error" was declared but never referenced
     1>D:/Documents/SD_internship/Prog/Test_writing/NUFFT/NUFFT_CUDA_V3/field_static_scalar_gpu.cu(169): warning : variable "_cuda_error" was declared but never referenced
     1>D:/Documents/SD_internship/Prog/Test_writing/NUFFT/NUFFT_CUDA_V3/field_static_scalar_gpu.cu(266): warning : variable "_cuda_error" was declared but never referenced
     1>D:/Documents/SD_internship/Prog/Test_writing/NUFFT/NUFFT_CUDA_V3/field_static_scalar_gpu.cu(26): warning : variable "_cuda_error" was declared but never referenced
     1>D:/Documents/SD_internship/Prog/Test_writing/NUFFT/NUFFT_CUDA_V3/field_static_scalar_gpu.cu(169): warning : variable "_cuda_error" was declared but never referenced
     1>D:/Documents/SD_internship/Prog/Test_writing/NUFFT/NUFFT_CUDA_V3/field_static_scalar_gpu.cu(266): warning : variable "_cuda_error" was declared but never referenced
         field_static_scalar_gpu.cu
     1>d:\documents\sd_internship\prog\test_writing\nufft\nufft_cuda_v3\field_static_scalar_gpu.h(60): warning C4250: 'NBODYFAST_NS::FieldStaticScalarGpu' : inherits 'NBODYFAST_NS::FieldGpu::NBODYFAST_NS::FieldGpu::coord_alloc' via dominance
                 d:\documents\sd_internship\prog\test_writing\nufft\nufft_cuda_v3\field_gpu.h(23) : see declaration of 'NBODYFAST_NS::FieldGpu::coord_alloc'
     1>D:/Documents/SD_internship/Prog/Test_writing/NUFFT/NUFFT_CUDA_V3/field_static_scalar_gpu.cu(26): warning C4101: '_cuda_error' : unreferenced local variable
     1>D:/Documents/SD_internship/Prog/Test_writing/NUFFT/NUFFT_CUDA_V3/field_static_scalar_gpu.cu(122): warning C4244: '=' : conversion from 'double' to 'float', possible loss of data
     1>D:/Documents/SD_internship/Prog/Test_writing/NUFFT/NUFFT_CUDA_V3/field_static_scalar_gpu.cu(173): warning C4244: '=' : conversion from 'double' to 'float', possible loss of data
     1>D:/Documents/SD_internship/Prog/Test_writing/NUFFT/NUFFT_CUDA_V3/field_static_scalar_gpu.cu(169): warning C4101: '_cuda_error' : unreferenced local variable
     1>D:/Documents/SD_internship/Prog/Test_writing/NUFFT/NUFFT_CUDA_V3/field_static_scalar_gpu.cu(266): warning C4101: '_cuda_error' : unreferenced local variable
       CudaBuild:
         Compiling CUDA source file field_static_vector_gpu.cu...
         cmd.exe /C "C:\Users\arakiri\AppData\Local\Temp\tmp34adbac339a54ecfa1717abf359b4ee3.cmd"
         "C:\Program Files\NVIDIA GPU Computing Toolkit\CUDA\v7.5\bin\nvcc.exe" -gencode=arch=compute_20,code=\"sm_20,compute_20\" --use-local-env --cl-version 2013 -Xcompiler -openmp -ccbin "C:\Program Files (x86)\Microsoft Visual Studio 12.0\VC\bin\x86_amd64"  -I..\NUFFT_V3 -I"C:\Program Files\NVIDIA GPU Computing Toolkit\CUDA\v7.5\include" -I"C:\Program Files\NVIDIA GPU Computing Toolkit\CUDA\v7.5\include"     --keep-dir x64\Release -maxrregcount=0  --machine 64 --compile -cudart static     -DWIN32 -DWIN64 -DNDEBUG -D_CONSOLE -D_MBCS -Xcompiler "/EHsc /W3 /nologo /O2 /Zi  /MT " -o x64\Release\field_static_vector_gpu.cu.obj "D:\Documents\SD_internship\Prog\Test_writing\NUFFT\NUFFT_CUDA_V3\field_static_vector_gpu.cu"
         
         D:\Documents\SD_internship\Prog\Test_writing\NUFFT\NUFFT_CUDA_V3>"C:\Program Files\NVIDIA GPU Computing Toolkit\CUDA\v7.5\bin\nvcc.exe" -gencode=arch=compute_20,code=\"sm_20,compute_20\" --use-local-env --cl-version 2013 -Xcompiler -openmp -ccbin "C:\Program Files (x86)\Microsoft Visual Studio 12.0\VC\bin\x86_amd64"  -I..\NUFFT_V3 -I"C:\Program Files\NVIDIA GPU Computing Toolkit\CUDA\v7.5\include" -I"C:\Program Files\NVIDIA GPU Computing Toolkit\CUDA\v7.5\include"     --keep-dir x64\Release -maxrregcount=0  --machine 64 --compile -cudart static     -DWIN32 -DWIN64 -DNDEBUG -D_CONSOLE -D_MBCS -Xcompiler "/EHsc /W3 /nologo /O2 /Zi  /MT " -o x64\Release\field_static_vector_gpu.cu.obj "D:\Documents\SD_internship\Prog\Test_writing\NUFFT\NUFFT_CUDA_V3\field_static_vector_gpu.cu" 
     1>D:/Documents/SD_internship/Prog/Test_writing/NUFFT/NUFFT_CUDA_V3/field_static_vector_gpu.cu(26): warning : variable "_cuda_error" was declared but never referenced
     1>D:/Documents/SD_internship/Prog/Test_writing/NUFFT/NUFFT_CUDA_V3/field_static_vector_gpu.cu(178): warning : variable "_cuda_error" was declared but never referenced
     1>D:/Documents/SD_internship/Prog/Test_writing/NUFFT/NUFFT_CUDA_V3/field_static_vector_gpu.cu(289): warning : variable "_cuda_error" was declared but never referenced
     1>D:/Documents/SD_internship/Prog/Test_writing/NUFFT/NUFFT_CUDA_V3/field_static_vector_gpu.cu(26): warning : variable "_cuda_error" was declared but never referenced
     1>D:/Documents/SD_internship/Prog/Test_writing/NUFFT/NUFFT_CUDA_V3/field_static_vector_gpu.cu(178): warning : variable "_cuda_error" was declared but never referenced
     1>D:/Documents/SD_internship/Prog/Test_writing/NUFFT/NUFFT_CUDA_V3/field_static_vector_gpu.cu(289): warning : variable "_cuda_error" was declared but never referenced
         field_static_vector_gpu.cu
     1>d:\documents\sd_internship\prog\test_writing\nufft\nufft_cuda_v3\field_static_vector_gpu.h(60): warning C4250: 'NBODYFAST_NS::FieldStaticVectorGpu' : inherits 'NBODYFAST_NS::FieldGpu::NBODYFAST_NS::FieldGpu::coord_alloc' via dominance
                 d:\documents\sd_internship\prog\test_writing\nufft\nufft_cuda_v3\field_gpu.h(23) : see declaration of 'NBODYFAST_NS::FieldGpu::coord_alloc'
     1>D:/Documents/SD_internship/Prog/Test_writing/NUFFT/NUFFT_CUDA_V3/field_static_vector_gpu.cu(26): warning C4101: '_cuda_error' : unreferenced local variable
     1>D:/Documents/SD_internship/Prog/Test_writing/NUFFT/NUFFT_CUDA_V3/field_static_vector_gpu.cu(183): warning C4244: '=' : conversion from 'double' to 'float', possible loss of data
     1>D:/Documents/SD_internship/Prog/Test_writing/NUFFT/NUFFT_CUDA_V3/field_static_vector_gpu.cu(190): warning C4018: '<' : signed/unsigned mismatch
     1>D:/Documents/SD_internship/Prog/Test_writing/NUFFT/NUFFT_CUDA_V3/field_static_vector_gpu.cu(178): warning C4101: '_cuda_error' : unreferenced local variable
     1>D:/Documents/SD_internship/Prog/Test_writing/NUFFT/NUFFT_CUDA_V3/field_static_vector_gpu.cu(289): warning C4101: '_cuda_error' : unreferenced local variable
       CudaBuild:
         Compiling CUDA source file gpu.cu...
         cmd.exe /C "C:\Users\arakiri\AppData\Local\Temp\tmp54fdc16d444d4df3862f2a903d1bc2eb.cmd"
         "C:\Program Files\NVIDIA GPU Computing Toolkit\CUDA\v7.5\bin\nvcc.exe" -gencode=arch=compute_20,code=\"sm_20,compute_20\" --use-local-env --cl-version 2013 -Xcompiler -openmp -ccbin "C:\Program Files (x86)\Microsoft Visual Studio 12.0\VC\bin\x86_amd64"  -I..\NUFFT_V3 -I"C:\Program Files\NVIDIA GPU Computing Toolkit\CUDA\v7.5\include" -I"C:\Program Files\NVIDIA GPU Computing Toolkit\CUDA\v7.5\include"     --keep-dir x64\Release -maxrregcount=0  --machine 64 --compile -cudart static     -DWIN32 -DWIN64 -DNDEBUG -D_CONSOLE -D_MBCS -Xcompiler "/EHsc /W3 /nologo /O2 /Zi  /MT " -o x64\Release\gpu.cu.obj "D:\Documents\SD_internship\Prog\Test_writing\NUFFT\NUFFT_CUDA_V3\gpu.cu"
         
         D:\Documents\SD_internship\Prog\Test_writing\NUFFT\NUFFT_CUDA_V3>"C:\Program Files\NVIDIA GPU Computing Toolkit\CUDA\v7.5\bin\nvcc.exe" -gencode=arch=compute_20,code=\"sm_20,compute_20\" --use-local-env --cl-version 2013 -Xcompiler -openmp -ccbin "C:\Program Files (x86)\Microsoft Visual Studio 12.0\VC\bin\x86_amd64"  -I..\NUFFT_V3 -I"C:\Program Files\NVIDIA GPU Computing Toolkit\CUDA\v7.5\include" -I"C:\Program Files\NVIDIA GPU Computing Toolkit\CUDA\v7.5\include"     --keep-dir x64\Release -maxrregcount=0  --machine 64 --compile -cudart static     -DWIN32 -DWIN64 -DNDEBUG -D_CONSOLE -D_MBCS -Xcompiler "/EHsc /W3 /nologo /O2 /Zi  /MT " -o x64\Release\gpu.cu.obj "D:\Documents\SD_internship\Prog\Test_writing\NUFFT\NUFFT_CUDA_V3\gpu.cu" 
         gpu.cu
       CudaBuild:
         Compiling CUDA source file nufft_gpu.cu...
         cmd.exe /C "C:\Users\arakiri\AppData\Local\Temp\tmp7c447b615239423fac56eb08a4b4b7d3.cmd"
         "C:\Program Files\NVIDIA GPU Computing Toolkit\CUDA\v7.5\bin\nvcc.exe" -gencode=arch=compute_20,code=\"sm_20,compute_20\" --use-local-env --cl-version 2013 -Xcompiler -openmp -ccbin "C:\Program Files (x86)\Microsoft Visual Studio 12.0\VC\bin\x86_amd64"  -I..\NUFFT_V3 -I"C:\Program Files\NVIDIA GPU Computing Toolkit\CUDA\v7.5\include" -I"C:\Program Files\NVIDIA GPU Computing Toolkit\CUDA\v7.5\include"     --keep-dir x64\Release -maxrregcount=0  --machine 64 --compile -cudart static     -DWIN32 -DWIN64 -DNDEBUG -D_CONSOLE -D_MBCS -Xcompiler "/EHsc /W3 /nologo /O2 /Zi  /MT " -o x64\Release\nufft_gpu.cu.obj "D:\Documents\SD_internship\Prog\Test_writing\NUFFT\NUFFT_CUDA_V3\nufft_gpu.cu"
         
         D:\Documents\SD_internship\Prog\Test_writing\NUFFT\NUFFT_CUDA_V3>"C:\Program Files\NVIDIA GPU Computing Toolkit\CUDA\v7.5\bin\nvcc.exe" -gencode=arch=compute_20,code=\"sm_20,compute_20\" --use-local-env --cl-version 2013 -Xcompiler -openmp -ccbin "C:\Program Files (x86)\Microsoft Visual Studio 12.0\VC\bin\x86_amd64"  -I..\NUFFT_V3 -I"C:\Program Files\NVIDIA GPU Computing Toolkit\CUDA\v7.5\include" -I"C:\Program Files\NVIDIA GPU Computing Toolkit\CUDA\v7.5\include"     --keep-dir x64\Release -maxrregcount=0  --machine 64 --compile -cudart static     -DWIN32 -DWIN64 -DNDEBUG -D_CONSOLE -D_MBCS -Xcompiler "/EHsc /W3 /nologo /O2 /Zi  /MT " -o x64\Release\nufft_gpu.cu.obj "D:\Documents\SD_internship\Prog\Test_writing\NUFFT\NUFFT_CUDA_V3\nufft_gpu.cu" 
     1>D:/Documents/SD_internship/Prog/Test_writing/NUFFT/NUFFT_CUDA_V3/nufft_gpu.cu(108): warning : variable "_cuda_error" was declared but never referenced
     1>D:/Documents/SD_internship/Prog/Test_writing/NUFFT/NUFFT_CUDA_V3/nufft_gpu.cu(195): warning : variable "total_num_near_box_per_box" was declared but never referenced
     1>D:/Documents/SD_internship/Prog/Test_writing/NUFFT/NUFFT_CUDA_V3/nufft_gpu.cu(108): warning : variable "_cuda_error" was declared but never referenced
     1>D:/Documents/SD_internship/Prog/Test_writing/NUFFT/NUFFT_CUDA_V3/nufft_gpu.cu(195): warning : variable "total_num_near_box_per_box" was declared but never referenced
         nufft_gpu.cu
     1>D:/Documents/SD_internship/Prog/Test_writing/NUFFT/NUFFT_CUDA_V3/nufft_gpu.cu(108): warning C4101: '_cuda_error' : unreferenced local variable
       CudaBuild:
         Compiling CUDA source file nufft_static_scalar_gpu.cu...
         cmd.exe /C "C:\Users\arakiri\AppData\Local\Temp\tmpf290a9b388c1485a84518899a4280183.cmd"
         "C:\Program Files\NVIDIA GPU Computing Toolkit\CUDA\v7.5\bin\nvcc.exe" -gencode=arch=compute_20,code=\"sm_20,compute_20\" --use-local-env --cl-version 2013 -Xcompiler -openmp -ccbin "C:\Program Files (x86)\Microsoft Visual Studio 12.0\VC\bin\x86_amd64"  -I..\NUFFT_V3 -I"C:\Program Files\NVIDIA GPU Computing Toolkit\CUDA\v7.5\include" -I"C:\Program Files\NVIDIA GPU Computing Toolkit\CUDA\v7.5\include"     --keep-dir x64\Release -maxrregcount=0  --machine 64 --compile -cudart static     -DWIN32 -DWIN64 -DNDEBUG -D_CONSOLE -D_MBCS -Xcompiler "/EHsc /W3 /nologo /O2 /Zi  /MT " -o x64\Release\nufft_static_scalar_gpu.cu.obj "D:\Documents\SD_internship\Prog\Test_writing\NUFFT\NUFFT_CUDA_V3\nufft_static_scalar_gpu.cu"
         
         D:\Documents\SD_internship\Prog\Test_writing\NUFFT\NUFFT_CUDA_V3>"C:\Program Files\NVIDIA GPU Computing Toolkit\CUDA\v7.5\bin\nvcc.exe" -gencode=arch=compute_20,code=\"sm_20,compute_20\" --use-local-env --cl-version 2013 -Xcompiler -openmp -ccbin "C:\Program Files (x86)\Microsoft Visual Studio 12.0\VC\bin\x86_amd64"  -I..\NUFFT_V3 -I"C:\Program Files\NVIDIA GPU Computing Toolkit\CUDA\v7.5\include" -I"C:\Program Files\NVIDIA GPU Computing Toolkit\CUDA\v7.5\include"     --keep-dir x64\Release -maxrregcount=0  --machine 64 --compile -cudart static     -DWIN32 -DWIN64 -DNDEBUG -D_CONSOLE -D_MBCS -Xcompiler "/EHsc /W3 /nologo /O2 /Zi  /MT " -o x64\Release\nufft_static_scalar_gpu.cu.obj "D:\Documents\SD_internship\Prog\Test_writing\NUFFT\NUFFT_CUDA_V3\nufft_static_scalar_gpu.cu" 
     1>d:\documents\sd_internship\prog\test_writing\nufft\nufft_cuda_v3\nufft_static_scalar_gpu.h(42): warning : function "NBODYFAST_NS::NufftArrayGpu::set_value(NBODYFAST_NS::NufftGpu *)" is hidden by "NBODYFAST_NS::NufftArrayGpuStaticScalar::set_value" -- virtual function override intended?
     1>D:\Documents\SD_internship\Prog\Test_writing\NUFFT\NUFFT_V3\timer.h(31): warning : statement is unreachable
     1>D:/Documents/SD_internship/Prog/Test_writing/NUFFT/NUFFT_CUDA_V3/nufft_static_scalar_gpu.cu(178): warning : variable "_num_padded_grid_pts" was declared but never referenced
     1>D:/Documents/SD_internship/Prog/Test_writing/NUFFT/NUFFT_CUDA_V3/nufft_static_scalar_gpu.cu(280): warning : variable "_num_padded_grid_pts" was declared but never referenced
     1>D:/Documents/SD_internship/Prog/Test_writing/NUFFT/NUFFT_CUDA_V3/nufft_static_scalar_gpu.cu(218): warning : variable "_cuda_error" was declared but never referenced
     1>D:/Documents/SD_internship/Prog/Test_writing/NUFFT/NUFFT_CUDA_V3/nufft_static_scalar_gpu.cu(718): warning : variable "_cuda_error" was declared but never referenced
     1>D:/Documents/SD_internship/Prog/Test_writing/NUFFT/NUFFT_CUDA_V3/nufft_static_scalar_gpu.cu(750): warning : variable "_cuda_error" was declared but never referenced
     1>D:/Documents/SD_internship/Prog/Test_writing/NUFFT/NUFFT_CUDA_V3/nufft_static_scalar_gpu.cu(940): warning : variable "_cuda_error" was declared but never referenced
     1>D:/Documents/SD_internship/Prog/Test_writing/NUFFT/NUFFT_CUDA_V3/nufft_static_scalar_gpu.cu(975): warning : variable "_cuda_error" was declared but never referenced
     1>d:\documents\sd_internship\prog\test_writing\nufft\nufft_cuda_v3\nufft_static_scalar_gpu.h(42): warning : function "NBODYFAST_NS::NufftArrayGpu::set_value(NBODYFAST_NS::NufftGpu *)" is hidden by "NBODYFAST_NS::NufftArrayGpuStaticScalar::set_value" -- virtual function override intended?
     1>D:\Documents\SD_internship\Prog\Test_writing\NUFFT\NUFFT_V3\timer.h(31): warning : statement is unreachable
     1>D:/Documents/SD_internship/Prog/Test_writing/NUFFT/NUFFT_CUDA_V3/nufft_static_scalar_gpu.cu(178): warning : variable "_num_padded_grid_pts" was declared but never referenced
     1>D:/Documents/SD_internship/Prog/Test_writing/NUFFT/NUFFT_CUDA_V3/nufft_static_scalar_gpu.cu(280): warning : variable "_num_padded_grid_pts" was declared but never referenced
     1>D:/Documents/SD_internship/Prog/Test_writing/NUFFT/NUFFT_CUDA_V3/nufft_static_scalar_gpu.cu(218): warning : variable "_cuda_error" was declared but never referenced
     1>D:/Documents/SD_internship/Prog/Test_writing/NUFFT/NUFFT_CUDA_V3/nufft_static_scalar_gpu.cu(718): warning : variable "_cuda_error" was declared but never referenced
     1>D:/Documents/SD_internship/Prog/Test_writing/NUFFT/NUFFT_CUDA_V3/nufft_static_scalar_gpu.cu(750): warning : variable "_cuda_error" was declared but never referenced
     1>D:/Documents/SD_internship/Prog/Test_writing/NUFFT/NUFFT_CUDA_V3/nufft_static_scalar_gpu.cu(940): warning : variable "_cuda_error" was declared but never referenced
     1>D:/Documents/SD_internship/Prog/Test_writing/NUFFT/NUFFT_CUDA_V3/nufft_static_scalar_gpu.cu(975): warning : variable "_cuda_error" was declared but never referenced
         nufft_static_scalar_gpu.cu
     1>d:\documents\sd_internship\prog\test_writing\nufft\nufft_cuda_v3\field_static_scalar_gpu.h(60): warning C4250: 'NBODYFAST_NS::FieldStaticScalarGpu' : inherits 'NBODYFAST_NS::FieldGpu::NBODYFAST_NS::FieldGpu::coord_alloc' via dominance
                 d:\documents\sd_internship\prog\test_writing\nufft\nufft_cuda_v3\field_gpu.h(23) : see declaration of 'NBODYFAST_NS::FieldGpu::coord_alloc'
     1>d:\documents\sd_internship\prog\test_writing\nufft\nufft_cuda_v3\nufft_static_scalar_gpu.h(115): warning C4250: 'NBODYFAST_NS::NufftStaticScalarGpu' : inherits 'NBODYFAST_NS::NufftStaticScalar::NBODYFAST_NS::NufftStaticScalar::g_mat_alloc' via dominance
                 D:\Documents\SD_internship\Prog\Test_writing\NUFFT\NUFFT_V3\nufft_static_scalar.h(25) : see declaration of 'NBODYFAST_NS::NufftStaticScalar::g_mat_alloc'
     1>d:\documents\sd_internship\prog\test_writing\nufft\nufft_cuda_v3\nufft_static_scalar_gpu.h(115): warning C4250: 'NBODYFAST_NS::NufftStaticScalarGpu' : inherits 'NBODYFAST_NS::NufftStaticScalar::NBODYFAST_NS::NufftStaticScalar::g_mat_set' via dominance
                 D:\Documents\SD_internship\Prog\Test_writing\NUFFT\NUFFT_V3\nufft_static_scalar.h(26) : see declaration of 'NBODYFAST_NS::NufftStaticScalar::g_mat_set'
     1>D:/Documents/SD_internship/Prog/Test_writing/NUFFT/NUFFT_CUDA_V3/nufft_static_scalar_gpu.cu(218): warning C4101: '_cuda_error' : unreferenced local variable
     1>D:/Documents/SD_internship/Prog/Test_writing/NUFFT/NUFFT_CUDA_V3/nufft_static_scalar_gpu.cu(718): warning C4101: '_cuda_error' : unreferenced local variable
     1>D:/Documents/SD_internship/Prog/Test_writing/NUFFT/NUFFT_CUDA_V3/nufft_static_scalar_gpu.cu(750): warning C4101: '_cuda_error' : unreferenced local variable
     1>D:/Documents/SD_internship/Prog/Test_writing/NUFFT/NUFFT_CUDA_V3/nufft_static_scalar_gpu.cu(940): warning C4101: '_cuda_error' : unreferenced local variable
     1>D:/Documents/SD_internship/Prog/Test_writing/NUFFT/NUFFT_CUDA_V3/nufft_static_scalar_gpu.cu(975): warning C4101: '_cuda_error' : unreferenced local variable
       CudaBuild:
         Compiling CUDA source file nufft_static_scalar_gpu_kernel.cu...
         cmd.exe /C "C:\Users\arakiri\AppData\Local\Temp\tmpb7f8322c4b044a05b4783830c8389634.cmd"
         "C:\Program Files\NVIDIA GPU Computing Toolkit\CUDA\v7.5\bin\nvcc.exe" -gencode=arch=compute_20,code=\"sm_20,compute_20\" --use-local-env --cl-version 2013 -Xcompiler -openmp -ccbin "C:\Program Files (x86)\Microsoft Visual Studio 12.0\VC\bin\x86_amd64"  -I..\NUFFT_V3 -I"C:\Program Files\NVIDIA GPU Computing Toolkit\CUDA\v7.5\include" -I"C:\Program Files\NVIDIA GPU Computing Toolkit\CUDA\v7.5\include"     --keep-dir x64\Release -maxrregcount=0  --machine 64 --compile -cudart static     -DWIN32 -DWIN64 -DNDEBUG -D_CONSOLE -D_MBCS -Xcompiler "/EHsc /W3 /nologo /O2 /Zi  /MT " -o x64\Release\nufft_static_scalar_gpu_kernel.cu.obj "D:\Documents\SD_internship\Prog\Test_writing\NUFFT\NUFFT_CUDA_V3\nufft_static_scalar_gpu_kernel.cu"
         
         D:\Documents\SD_internship\Prog\Test_writing\NUFFT\NUFFT_CUDA_V3>"C:\Program Files\NVIDIA GPU Computing Toolkit\CUDA\v7.5\bin\nvcc.exe" -gencode=arch=compute_20,code=\"sm_20,compute_20\" --use-local-env --cl-version 2013 -Xcompiler -openmp -ccbin "C:\Program Files (x86)\Microsoft Visual Studio 12.0\VC\bin\x86_amd64"  -I..\NUFFT_V3 -I"C:\Program Files\NVIDIA GPU Computing Toolkit\CUDA\v7.5\include" -I"C:\Program Files\NVIDIA GPU Computing Toolkit\CUDA\v7.5\include"     --keep-dir x64\Release -maxrregcount=0  --machine 64 --compile -cudart static     -DWIN32 -DWIN64 -DNDEBUG -D_CONSOLE -D_MBCS -Xcompiler "/EHsc /W3 /nologo /O2 /Zi  /MT " -o x64\Release\nufft_static_scalar_gpu_kernel.cu.obj "D:\Documents\SD_internship\Prog\Test_writing\NUFFT\NUFFT_CUDA_V3\nufft_static_scalar_gpu_kernel.cu" 
     1>d:\documents\sd_internship\prog\test_writing\nufft\nufft_cuda_v3\nufft_static_scalar_gpu.h(42): warning : function "NBODYFAST_NS::NufftArrayGpu::set_value(NBODYFAST_NS::NufftGpu *)" is hidden by "NBODYFAST_NS::NufftArrayGpuStaticScalar::set_value" -- virtual function override intended?
     1>D:/Documents/SD_internship/Prog/Test_writing/NUFFT/NUFFT_CUDA_V3/nufft_static_scalar_gpu_kernel.cu(570): warning : variable "_gid" was declared but never referenced
     1>D:/Documents/SD_internship/Prog/Test_writing/NUFFT/NUFFT_CUDA_V3/nufft_static_scalar_gpu_kernel.cu(882): warning : variable "_gid" was declared but never referenced
     1>D:/Documents/SD_internship/Prog/Test_writing/NUFFT/NUFFT_CUDA_V3/nufft_static_scalar_gpu_kernel.cu(1162): warning : variable "_gid" was declared but never referenced
     1>D:/Documents/SD_internship/Prog/Test_writing/NUFFT/NUFFT_CUDA_V3/nufft_static_scalar_gpu_kernel.cu(1287): warning : variable "_gid" was declared but never referenced
     1>D:/Documents/SD_internship/Prog/Test_writing/NUFFT/NUFFT_CUDA_V3/nufft_static_scalar_gpu_kernel.cu(1428): warning : variable "_gid" was declared but never referenced
     1>d:\documents\sd_internship\prog\test_writing\nufft\nufft_cuda_v3\nufft_static_scalar_gpu.h(42): warning : function "NBODYFAST_NS::NufftArrayGpu::set_value(NBODYFAST_NS::NufftGpu *)" is hidden by "NBODYFAST_NS::NufftArrayGpuStaticScalar::set_value" -- virtual function override intended?
     1>D:/Documents/SD_internship/Prog/Test_writing/NUFFT/NUFFT_CUDA_V3/nufft_static_scalar_gpu_kernel.cu(570): warning : variable "_gid" was declared but never referenced
     1>D:/Documents/SD_internship/Prog/Test_writing/NUFFT/NUFFT_CUDA_V3/nufft_static_scalar_gpu_kernel.cu(882): warning : variable "_gid" was declared but never referenced
     1>D:/Documents/SD_internship/Prog/Test_writing/NUFFT/NUFFT_CUDA_V3/nufft_static_scalar_gpu_kernel.cu(1162): warning : variable "_gid" was declared but never referenced
     1>D:/Documents/SD_internship/Prog/Test_writing/NUFFT/NUFFT_CUDA_V3/nufft_static_scalar_gpu_kernel.cu(1287): warning : variable "_gid" was declared but never referenced
     1>D:/Documents/SD_internship/Prog/Test_writing/NUFFT/NUFFT_CUDA_V3/nufft_static_scalar_gpu_kernel.cu(1428): warning : variable "_gid" was declared but never referenced
     1>CUDACOMPILE : ptxas warning : Too many minnctapersm specified for entry _ZN12NBODYFAST_NS22nufft_exact_near_fieldEPfPNS_25NufftArrayGpuStaticScalarEPNS_13NufftParamGpuEPNS_12GpuExecParamE, will be ignored
         nufft_static_scalar_gpu_kernel.cu
     1>d:\documents\sd_internship\prog\test_writing\nufft\nufft_cuda_v3\nufft_static_scalar_gpu.h(115): warning C4250: 'NBODYFAST_NS::NufftStaticScalarGpu' : inherits 'NBODYFAST_NS::NufftStaticScalar::NBODYFAST_NS::NufftStaticScalar::g_mat_alloc' via dominance
                 D:\Documents\SD_internship\Prog\Test_writing\NUFFT\NUFFT_V3\nufft_static_scalar.h(25) : see declaration of 'NBODYFAST_NS::NufftStaticScalar::g_mat_alloc'
     1>d:\documents\sd_internship\prog\test_writing\nufft\nufft_cuda_v3\nufft_static_scalar_gpu.h(115): warning C4250: 'NBODYFAST_NS::NufftStaticScalarGpu' : inherits 'NBODYFAST_NS::NufftStaticScalar::NBODYFAST_NS::NufftStaticScalar::g_mat_set' via dominance
                 D:\Documents\SD_internship\Prog\Test_writing\NUFFT\NUFFT_V3\nufft_static_scalar.h(26) : see declaration of 'NBODYFAST_NS::NufftStaticScalar::g_mat_set'
       CudaBuild:
         Compiling CUDA source file nufft_static_vector_gpu.cu...
         cmd.exe /C "C:\Users\arakiri\AppData\Local\Temp\tmp0d6b386ac9ed43b086e100e234fbcfd9.cmd"
         "C:\Program Files\NVIDIA GPU Computing Toolkit\CUDA\v7.5\bin\nvcc.exe" -gencode=arch=compute_20,code=\"sm_20,compute_20\" --use-local-env --cl-version 2013 -Xcompiler -openmp -ccbin "C:\Program Files (x86)\Microsoft Visual Studio 12.0\VC\bin\x86_amd64"  -I..\NUFFT_V3 -I"C:\Program Files\NVIDIA GPU Computing Toolkit\CUDA\v7.5\include" -I"C:\Program Files\NVIDIA GPU Computing Toolkit\CUDA\v7.5\include"     --keep-dir x64\Release -maxrregcount=0  --machine 64 --compile -cudart static     -DWIN32 -DWIN64 -DNDEBUG -D_CONSOLE -D_MBCS -Xcompiler "/EHsc /W3 /nologo /O2 /Zi  /MT " -o x64\Release\nufft_static_vector_gpu.cu.obj "D:\Documents\SD_internship\Prog\Test_writing\NUFFT\NUFFT_CUDA_V3\nufft_static_vector_gpu.cu"
         
         D:\Documents\SD_internship\Prog\Test_writing\NUFFT\NUFFT_CUDA_V3>"C:\Program Files\NVIDIA GPU Computing Toolkit\CUDA\v7.5\bin\nvcc.exe" -gencode=arch=compute_20,code=\"sm_20,compute_20\" --use-local-env --cl-version 2013 -Xcompiler -openmp -ccbin "C:\Program Files (x86)\Microsoft Visual Studio 12.0\VC\bin\x86_amd64"  -I..\NUFFT_V3 -I"C:\Program Files\NVIDIA GPU Computing Toolkit\CUDA\v7.5\include" -I"C:\Program Files\NVIDIA GPU Computing Toolkit\CUDA\v7.5\include"     --keep-dir x64\Release -maxrregcount=0  --machine 64 --compile -cudart static     -DWIN32 -DWIN64 -DNDEBUG -D_CONSOLE -D_MBCS -Xcompiler "/EHsc /W3 /nologo /O2 /Zi  /MT " -o x64\Release\nufft_static_vector_gpu.cu.obj "D:\Documents\SD_internship\Prog\Test_writing\NUFFT\NUFFT_CUDA_V3\nufft_static_vector_gpu.cu" 
     1>d:\documents\sd_internship\prog\test_writing\nufft\nufft_cuda_v3\nufft_static_vector_gpu.h(42): warning : function "NBODYFAST_NS::NufftArrayGpu::set_value(NBODYFAST_NS::NufftGpu *)" is hidden by "NBODYFAST_NS::NufftArrayGpuStaticVector::set_value" -- virtual function override intended?
     1>D:\Documents\SD_internship\Prog\Test_writing\NUFFT\NUFFT_V3\timer.h(31): warning : statement is unreachable
     1>D:/Documents/SD_internship/Prog/Test_writing/NUFFT/NUFFT_CUDA_V3/nufft_static_vector_gpu.cu(178): warning : variable "_num_padded_grid_pts" was declared but never referenced
     1>D:/Documents/SD_internship/Prog/Test_writing/NUFFT/NUFFT_CUDA_V3/nufft_static_vector_gpu.cu(283): warning : variable "_num_padded_grid_pts" was declared but never referenced
     1>D:/Documents/SD_internship/Prog/Test_writing/NUFFT/NUFFT_CUDA_V3/nufft_static_vector_gpu.cu(218): warning : variable "_cuda_error" was declared but never referenced
     1>D:/Documents/SD_internship/Prog/Test_writing/NUFFT/NUFFT_CUDA_V3/nufft_static_vector_gpu.cu(731): warning : variable "_cuda_error" was declared but never referenced
     1>D:/Documents/SD_internship/Prog/Test_writing/NUFFT/NUFFT_CUDA_V3/nufft_static_vector_gpu.cu(763): warning : variable "_cuda_error" was declared but never referenced
     1>D:/Documents/SD_internship/Prog/Test_writing/NUFFT/NUFFT_CUDA_V3/nufft_static_vector_gpu.cu(953): warning : variable "_cuda_error" was declared but never referenced
     1>D:/Documents/SD_internship/Prog/Test_writing/NUFFT/NUFFT_CUDA_V3/nufft_static_vector_gpu.cu(988): warning : variable "_cuda_error" was declared but never referenced
     1>d:\documents\sd_internship\prog\test_writing\nufft\nufft_cuda_v3\nufft_static_vector_gpu.h(42): warning : function "NBODYFAST_NS::NufftArrayGpu::set_value(NBODYFAST_NS::NufftGpu *)" is hidden by "NBODYFAST_NS::NufftArrayGpuStaticVector::set_value" -- virtual function override intended?
     1>D:\Documents\SD_internship\Prog\Test_writing\NUFFT\NUFFT_V3\timer.h(31): warning : statement is unreachable
     1>D:/Documents/SD_internship/Prog/Test_writing/NUFFT/NUFFT_CUDA_V3/nufft_static_vector_gpu.cu(178): warning : variable "_num_padded_grid_pts" was declared but never referenced
     1>D:/Documents/SD_internship/Prog/Test_writing/NUFFT/NUFFT_CUDA_V3/nufft_static_vector_gpu.cu(283): warning : variable "_num_padded_grid_pts" was declared but never referenced
     1>D:/Documents/SD_internship/Prog/Test_writing/NUFFT/NUFFT_CUDA_V3/nufft_static_vector_gpu.cu(218): warning : variable "_cuda_error" was declared but never referenced
     1>D:/Documents/SD_internship/Prog/Test_writing/NUFFT/NUFFT_CUDA_V3/nufft_static_vector_gpu.cu(731): warning : variable "_cuda_error" was declared but never referenced
     1>D:/Documents/SD_internship/Prog/Test_writing/NUFFT/NUFFT_CUDA_V3/nufft_static_vector_gpu.cu(763): warning : variable "_cuda_error" was declared but never referenced
     1>D:/Documents/SD_internship/Prog/Test_writing/NUFFT/NUFFT_CUDA_V3/nufft_static_vector_gpu.cu(953): warning : variable "_cuda_error" was declared but never referenced
     1>D:/Documents/SD_internship/Prog/Test_writing/NUFFT/NUFFT_CUDA_V3/nufft_static_vector_gpu.cu(988): warning : variable "_cuda_error" was declared but never referenced
         nufft_static_vector_gpu.cu
     1>d:\documents\sd_internship\prog\test_writing\nufft\nufft_cuda_v3\field_static_vector_gpu.h(60): warning C4250: 'NBODYFAST_NS::FieldStaticVectorGpu' : inherits 'NBODYFAST_NS::FieldGpu::NBODYFAST_NS::FieldGpu::coord_alloc' via dominance
                 d:\documents\sd_internship\prog\test_writing\nufft\nufft_cuda_v3\field_gpu.h(23) : see declaration of 'NBODYFAST_NS::FieldGpu::coord_alloc'
     1>d:\documents\sd_internship\prog\test_writing\nufft\nufft_cuda_v3\nufft_static_vector_gpu.h(115): warning C4250: 'NBODYFAST_NS::NufftStaticVectorGpu' : inherits 'NBODYFAST_NS::NufftStaticVector::NBODYFAST_NS::NufftStaticVector::g_mat_alloc' via dominance
                 D:\Documents\SD_internship\Prog\Test_writing\NUFFT\NUFFT_V3\nufft_static_vector.h(25) : see declaration of 'NBODYFAST_NS::NufftStaticVector::g_mat_alloc'
     1>d:\documents\sd_internship\prog\test_writing\nufft\nufft_cuda_v3\nufft_static_vector_gpu.h(115): warning C4250: 'NBODYFAST_NS::NufftStaticVectorGpu' : inherits 'NBODYFAST_NS::NufftStaticVector::NBODYFAST_NS::NufftStaticVector::g_mat_set' via dominance
                 D:\Documents\SD_internship\Prog\Test_writing\NUFFT\NUFFT_V3\nufft_static_vector.h(26) : see declaration of 'NBODYFAST_NS::NufftStaticVector::g_mat_set'
     1>D:/Documents/SD_internship/Prog/Test_writing/NUFFT/NUFFT_CUDA_V3/nufft_static_vector_gpu.cu(218): warning C4101: '_cuda_error' : unreferenced local variable
     1>D:/Documents/SD_internship/Prog/Test_writing/NUFFT/NUFFT_CUDA_V3/nufft_static_vector_gpu.cu(731): warning C4101: '_cuda_error' : unreferenced local variable
     1>D:/Documents/SD_internship/Prog/Test_writing/NUFFT/NUFFT_CUDA_V3/nufft_static_vector_gpu.cu(763): warning C4101: '_cuda_error' : unreferenced local variable
     1>D:/Documents/SD_internship/Prog/Test_writing/NUFFT/NUFFT_CUDA_V3/nufft_static_vector_gpu.cu(953): warning C4101: '_cuda_error' : unreferenced local variable
     1>D:/Documents/SD_internship/Prog/Test_writing/NUFFT/NUFFT_CUDA_V3/nufft_static_vector_gpu.cu(988): warning C4101: '_cuda_error' : unreferenced local variable
       CudaBuild:
         Compiling CUDA source file nufft_static_vector_gpu_kernel.cu...
         cmd.exe /C "C:\Users\arakiri\AppData\Local\Temp\tmp0d2de24a3e9f45e7bafd29bdf33657d3.cmd"
         "C:\Program Files\NVIDIA GPU Computing Toolkit\CUDA\v7.5\bin\nvcc.exe" -gencode=arch=compute_20,code=\"sm_20,compute_20\" --use-local-env --cl-version 2013 -Xcompiler -openmp -ccbin "C:\Program Files (x86)\Microsoft Visual Studio 12.0\VC\bin\x86_amd64"  -I..\NUFFT_V3 -I"C:\Program Files\NVIDIA GPU Computing Toolkit\CUDA\v7.5\include" -I"C:\Program Files\NVIDIA GPU Computing Toolkit\CUDA\v7.5\include"     --keep-dir x64\Release -maxrregcount=0  --machine 64 --compile -cudart static     -DWIN32 -DWIN64 -DNDEBUG -D_CONSOLE -D_MBCS -Xcompiler "/EHsc /W3 /nologo /O2 /Zi  /MT " -o x64\Release\nufft_static_vector_gpu_kernel.cu.obj "D:\Documents\SD_internship\Prog\Test_writing\NUFFT\NUFFT_CUDA_V3\nufft_static_vector_gpu_kernel.cu"
         
         D:\Documents\SD_internship\Prog\Test_writing\NUFFT\NUFFT_CUDA_V3>"C:\Program Files\NVIDIA GPU Computing Toolkit\CUDA\v7.5\bin\nvcc.exe" -gencode=arch=compute_20,code=\"sm_20,compute_20\" --use-local-env --cl-version 2013 -Xcompiler -openmp -ccbin "C:\Program Files (x86)\Microsoft Visual Studio 12.0\VC\bin\x86_amd64"  -I..\NUFFT_V3 -I"C:\Program Files\NVIDIA GPU Computing Toolkit\CUDA\v7.5\include" -I"C:\Program Files\NVIDIA GPU Computing Toolkit\CUDA\v7.5\include"     --keep-dir x64\Release -maxrregcount=0  --machine 64 --compile -cudart static     -DWIN32 -DWIN64 -DNDEBUG -D_CONSOLE -D_MBCS -Xcompiler "/EHsc /W3 /nologo /O2 /Zi  /MT " -o x64\Release\nufft_static_vector_gpu_kernel.cu.obj "D:\Documents\SD_internship\Prog\Test_writing\NUFFT\NUFFT_CUDA_V3\nufft_static_vector_gpu_kernel.cu" 
     1>d:\documents\sd_internship\prog\test_writing\nufft\nufft_cuda_v3\nufft_static_vector_gpu.h(42): warning : function "NBODYFAST_NS::NufftArrayGpu::set_value(NBODYFAST_NS::NufftGpu *)" is hidden by "NBODYFAST_NS::NufftArrayGpuStaticVector::set_value" -- virtual function override intended?
     1>D:/Documents/SD_internship/Prog/Test_writing/NUFFT/NUFFT_CUDA_V3/nufft_static_vector_gpu_kernel.cu(599): warning : variable "_gid" was declared but never referenced
     1>D:/Documents/SD_internship/Prog/Test_writing/NUFFT/NUFFT_CUDA_V3/nufft_static_vector_gpu_kernel.cu(920): warning : variable "_gid" was declared but never referenced
     1>D:/Documents/SD_internship/Prog/Test_writing/NUFFT/NUFFT_CUDA_V3/nufft_static_vector_gpu_kernel.cu(1205): warning : variable "_gid" was declared but never referenced
     1>D:/Documents/SD_internship/Prog/Test_writing/NUFFT/NUFFT_CUDA_V3/nufft_static_vector_gpu_kernel.cu(1332): warning : variable "_gid" was declared but never referenced
     1>D:/Documents/SD_internship/Prog/Test_writing/NUFFT/NUFFT_CUDA_V3/nufft_static_vector_gpu_kernel.cu(1474): warning : variable "_gid" was declared but never referenced
     1>d:\documents\sd_internship\prog\test_writing\nufft\nufft_cuda_v3\nufft_static_vector_gpu.h(42): warning : function "NBODYFAST_NS::NufftArrayGpu::set_value(NBODYFAST_NS::NufftGpu *)" is hidden by "NBODYFAST_NS::NufftArrayGpuStaticVector::set_value" -- virtual function override intended?
     1>D:/Documents/SD_internship/Prog/Test_writing/NUFFT/NUFFT_CUDA_V3/nufft_static_vector_gpu_kernel.cu(599): warning : variable "_gid" was declared but never referenced
     1>D:/Documents/SD_internship/Prog/Test_writing/NUFFT/NUFFT_CUDA_V3/nufft_static_vector_gpu_kernel.cu(920): warning : variable "_gid" was declared but never referenced
     1>D:/Documents/SD_internship/Prog/Test_writing/NUFFT/NUFFT_CUDA_V3/nufft_static_vector_gpu_kernel.cu(1205): warning : variable "_gid" was declared but never referenced
     1>D:/Documents/SD_internship/Prog/Test_writing/NUFFT/NUFFT_CUDA_V3/nufft_static_vector_gpu_kernel.cu(1332): warning : variable "_gid" was declared but never referenced
     1>D:/Documents/SD_internship/Prog/Test_writing/NUFFT/NUFFT_CUDA_V3/nufft_static_vector_gpu_kernel.cu(1474): warning : variable "_gid" was declared but never referenced
         nufft_static_vector_gpu_kernel.cu
     1>d:\documents\sd_internship\prog\test_writing\nufft\nufft_cuda_v3\nufft_static_vector_gpu.h(115): warning C4250: 'NBODYFAST_NS::NufftStaticVectorGpu' : inherits 'NBODYFAST_NS::NufftStaticVector::NBODYFAST_NS::NufftStaticVector::g_mat_alloc' via dominance
                 D:\Documents\SD_internship\Prog\Test_writing\NUFFT\NUFFT_V3\nufft_static_vector.h(25) : see declaration of 'NBODYFAST_NS::NufftStaticVector::g_mat_alloc'
     1>d:\documents\sd_internship\prog\test_writing\nufft\nufft_cuda_v3\nufft_static_vector_gpu.h(115): warning C4250: 'NBODYFAST_NS::NufftStaticVectorGpu' : inherits 'NBODYFAST_NS::NufftStaticVector::NBODYFAST_NS::NufftStaticVector::g_mat_set' via dominance
                 D:\Documents\SD_internship\Prog\Test_writing\NUFFT\NUFFT_V3\nufft_static_vector.h(26) : see declaration of 'NBODYFAST_NS::NufftStaticVector::g_mat_set'
       Lib:
         C:\Program Files (x86)\Microsoft Visual Studio 12.0\VC\bin\x86_amd64\Lib.exe /OUT:"D:\Documents\SD_internship\Prog\Test_writing\lib\NUFFT_CUDA_V3.lib" /NOLOGO /MACHINE:X64 /LTCG x64\Release\direct_static_scalar_gpu.cu.obj
         x64\Release\direct_static_scalar_gpu_kernel.cu.obj
         x64\Release\direct_static_vector_gpu.cu.obj
         x64\Release\direct_static_vector_gpu_kernel.cu.obj
         x64\Release\field_gpu.cu.obj
         x64\Release\field_static_scalar_gpu.cu.obj
         x64\Release\field_static_vector_gpu.cu.obj
         x64\Release\gpu.cu.obj
         x64\Release\nufft_gpu.cu.obj
         x64\Release\nufft_static_scalar_gpu.cu.obj
         x64\Release\nufft_static_scalar_gpu_kernel.cu.obj
         x64\Release\nufft_static_vector_gpu.cu.obj
         x64\Release\nufft_static_vector_gpu_kernel.cu.obj
         NUFFT_CUDA_V3.vcxproj -> D:\Documents\SD_internship\Prog\Test_writing\lib\NUFFT_CUDA_V3.lib
       PostBuildEvent:
         echo copy "C:\Program Files\NVIDIA GPU Computing Toolkit\CUDA\v7.5\bin\cudart*.dll" "D:\Documents\SD_internship\Prog\Test_writing\lib\"
         copy "C:\Program Files\NVIDIA GPU Computing Toolkit\CUDA\v7.5\bin\cudart*.dll" "D:\Documents\SD_internship\Prog\Test_writing\lib\"
         :VCEnd
         copy "C:\Program Files\NVIDIA GPU Computing Toolkit\CUDA\v7.5\bin\cudart*.dll" "D:\Documents\SD_internship\Prog\Test_writing\lib\"
         C:\Program Files\NVIDIA GPU Computing Toolkit\CUDA\v7.5\bin\cudart32_75.dll
         C:\Program Files\NVIDIA GPU Computing Toolkit\CUDA\v7.5\bin\cudart64_75.dll
                 2 file(s) copied.
     1>Done Building Project "D:\Documents\SD_internship\Prog\Test_writing\NUFFT\NUFFT_CUDA_V3\NUFFT_CUDA_V3.vcxproj" (Build target(s)).

Build succeeded.

Time Elapsed 00:01:23.34
