g:\new folder\111015_opticalmodel\nufft\nufft_v3\debug\direct.obj
g:\new folder\111015_opticalmodel\nufft\nufft_v3\debug\direct_static_scalar.obj
g:\new folder\111015_opticalmodel\nufft\nufft_v3\debug\direct_static_vector.obj
g:\new folder\111015_opticalmodel\nufft\nufft_v3\debug\domain.obj
g:\new folder\111015_opticalmodel\nufft\nufft_v3\debug\field.obj
g:\new folder\111015_opticalmodel\nufft\nufft_v3\debug\field_static_scalar.obj
g:\new folder\111015_opticalmodel\nufft\nufft_v3\debug\field_static_vector.obj
g:\new folder\111015_opticalmodel\nufft\nufft_v3\debug\interfacefor.obj
g:\new folder\111015_opticalmodel\nufft\nufft_v3\debug\nbodyfast.obj
g:\new folder\111015_opticalmodel\nufft\nufft_v3\debug\nufft.obj
g:\new folder\111015_opticalmodel\nufft\nufft_v3\debug\nufft_static_scalar.obj
g:\new folder\111015_opticalmodel\nufft\nufft_v3\debug\nufft_static_vector.obj
g:\new folder\111015_opticalmodel\nufft\nufft_v3\debug\vc100.pdb
g:\new folder\111015_opticalmodel\debug\nufft_v3.lib
c:\users\menar_000\desktop\111015_opticalmodel\nufft\nufft_v3\debug\direct.obj
c:\users\menar_000\desktop\111015_opticalmodel\nufft\nufft_v3\debug\direct_static_scalar.obj
c:\users\menar_000\desktop\111015_opticalmodel\nufft\nufft_v3\debug\direct_static_vector.obj
c:\users\menar_000\desktop\111015_opticalmodel\nufft\nufft_v3\debug\domain.obj
c:\users\menar_000\desktop\111015_opticalmodel\nufft\nufft_v3\debug\field.obj
c:\users\menar_000\desktop\111015_opticalmodel\nufft\nufft_v3\debug\field_static_scalar.obj
c:\users\menar_000\desktop\111015_opticalmodel\nufft\nufft_v3\debug\field_static_vector.obj
c:\users\menar_000\desktop\111015_opticalmodel\nufft\nufft_v3\debug\interfacefor.obj
c:\users\menar_000\desktop\111015_opticalmodel\nufft\nufft_v3\debug\nbodyfast.obj
c:\users\menar_000\desktop\111015_opticalmodel\nufft\nufft_v3\debug\nufft.obj
c:\users\menar_000\desktop\111015_opticalmodel\nufft\nufft_v3\debug\nufft_static_scalar.obj
c:\users\menar_000\desktop\111015_opticalmodel\nufft\nufft_v3\debug\nufft_static_vector.obj
c:\users\menar_000\desktop\111015_opticalmodel\nufft\nufft_v3\debug\cl.command.1.tlog
c:\users\menar_000\desktop\111015_opticalmodel\nufft\nufft_v3\debug\cl.read.1.tlog
c:\users\menar_000\desktop\111015_opticalmodel\nufft\nufft_v3\debug\cl.write.1.tlog
c:\users\menar_000\desktop\111015_opticalmodel\nufft\nufft_v3\debug\lib-link.read.1.tlog
c:\users\menar_000\desktop\111015_opticalmodel\nufft\nufft_v3\debug\lib-link.write.1.tlog
c:\users\menar_000\desktop\111015_opticalmodel\nufft\nufft_v3\debug\lib.command.1.tlog
c:\users\menar_000\desktop\111015_opticalmodel\nufft\nufft_v3\debug\nufft_v3.write.1.tlog
c:\users\menar_000\desktop\111015_opticalmodel\nufft\nufft_v3\debug\vc100.idb
c:\users\menar_000\desktop\111015_opticalmodel\nufft\nufft_v3\debug\vc100.pdb
c:\users\menar_000\desktop\111015_opticalmodel\debug\nufft_v3.lib
