d:\documents\sd_internship\prog\f425_p0.3u1\nufft\nufft_v3\x64\debug\vc120.pdb
d:\documents\sd_internship\prog\f425_p0.3u1\nufft\nufft_v3\x64\debug\vc120.idb
d:\documents\sd_internship\prog\f425_p0.3u1\nufft\nufft_v3\x64\debug\direct.obj
d:\documents\sd_internship\prog\f425_p0.3u1\nufft\nufft_v3\x64\debug\direct_static_scalar.obj
d:\documents\sd_internship\prog\f425_p0.3u1\nufft\nufft_v3\x64\debug\direct_static_vector.obj
d:\documents\sd_internship\prog\f425_p0.3u1\nufft\nufft_v3\x64\debug\domain.obj
d:\documents\sd_internship\prog\f425_p0.3u1\nufft\nufft_v3\x64\debug\field.obj
d:\documents\sd_internship\prog\f425_p0.3u1\nufft\nufft_v3\x64\debug\field_static_scalar.obj
d:\documents\sd_internship\prog\f425_p0.3u1\nufft\nufft_v3\x64\debug\field_static_vector.obj
d:\documents\sd_internship\prog\f425_p0.3u1\nufft\nufft_v3\x64\debug\interfacefor.obj
d:\documents\sd_internship\prog\f425_p0.3u1\nufft\nufft_v3\x64\debug\nbodyfast.obj
d:\documents\sd_internship\prog\f425_p0.3u1\nufft\nufft_v3\x64\debug\nufft.obj
d:\documents\sd_internship\prog\f425_p0.3u1\nufft\nufft_v3\x64\debug\nufft_static_scalar.obj
d:\documents\sd_internship\prog\f425_p0.3u1\nufft\nufft_v3\x64\debug\nufft_static_vector.obj
d:\documents\sd_internship\prog\f425_p0.3u1\lib\nufft_v3_debug.lib
d:\documents\sd_internship\prog\test_writing\nufft\nufft_v3\x64\debug\direct.obj
d:\documents\sd_internship\prog\test_writing\nufft\nufft_v3\x64\debug\direct_static_scalar.obj
d:\documents\sd_internship\prog\test_writing\nufft\nufft_v3\x64\debug\direct_static_vector.obj
d:\documents\sd_internship\prog\test_writing\nufft\nufft_v3\x64\debug\domain.obj
d:\documents\sd_internship\prog\test_writing\nufft\nufft_v3\x64\debug\field.obj
d:\documents\sd_internship\prog\test_writing\nufft\nufft_v3\x64\debug\field_static_scalar.obj
d:\documents\sd_internship\prog\test_writing\nufft\nufft_v3\x64\debug\field_static_vector.obj
d:\documents\sd_internship\prog\test_writing\nufft\nufft_v3\x64\debug\interfacefor.obj
d:\documents\sd_internship\prog\test_writing\nufft\nufft_v3\x64\debug\nbodyfast.obj
d:\documents\sd_internship\prog\test_writing\nufft\nufft_v3\x64\debug\nufft.obj
d:\documents\sd_internship\prog\test_writing\nufft\nufft_v3\x64\debug\nufft_static_scalar.obj
d:\documents\sd_internship\prog\test_writing\nufft\nufft_v3\x64\debug\nufft_static_vector.obj
d:\documents\sd_internship\prog\test_writing\nufft\nufft_v3\x64\debug\vc120.idb
d:\documents\sd_internship\prog\test_writing\nufft\nufft_v3\x64\debug\vc120.pdb
d:\documents\sd_internship\prog\test_writing\lib\nufft_v3.lib
d:\documents\sd_internship\prog\test_writing\nufft\nufft_v3\x64\debug\nufft_v3.tlog\cl.command.1.tlog
d:\documents\sd_internship\prog\test_writing\nufft\nufft_v3\x64\debug\nufft_v3.tlog\cl.read.1.tlog
d:\documents\sd_internship\prog\test_writing\nufft\nufft_v3\x64\debug\nufft_v3.tlog\cl.write.1.tlog
d:\documents\sd_internship\prog\test_writing\nufft\nufft_v3\x64\debug\nufft_v3.tlog\lib-link.read.1.tlog
d:\documents\sd_internship\prog\test_writing\nufft\nufft_v3\x64\debug\nufft_v3.tlog\lib-link.write.1.tlog
d:\documents\sd_internship\prog\test_writing\nufft\nufft_v3\x64\debug\nufft_v3.tlog\lib.command.1.tlog
