d:\documents\sd_internship\prog\f425_p0.3u1\nufft\nufft_v3\x64\release\vc120.pdb
d:\documents\sd_internship\prog\f425_p0.3u1\nufft\nufft_v3\x64\release\nufft_static_vector.obj
d:\documents\sd_internship\prog\f425_p0.3u1\nufft\nufft_v3\x64\release\nufft_static_scalar.obj
d:\documents\sd_internship\prog\f425_p0.3u1\nufft\nufft_v3\x64\release\nufft.obj
d:\documents\sd_internship\prog\f425_p0.3u1\nufft\nufft_v3\x64\release\nbodyfast.obj
d:\documents\sd_internship\prog\f425_p0.3u1\nufft\nufft_v3\x64\release\interfacefor.obj
d:\documents\sd_internship\prog\f425_p0.3u1\nufft\nufft_v3\x64\release\field_static_vector.obj
d:\documents\sd_internship\prog\f425_p0.3u1\nufft\nufft_v3\x64\release\field_static_scalar.obj
d:\documents\sd_internship\prog\f425_p0.3u1\nufft\nufft_v3\x64\release\field.obj
d:\documents\sd_internship\prog\f425_p0.3u1\nufft\nufft_v3\x64\release\domain.obj
d:\documents\sd_internship\prog\f425_p0.3u1\nufft\nufft_v3\x64\release\direct_static_vector.obj
d:\documents\sd_internship\prog\f425_p0.3u1\nufft\nufft_v3\x64\release\direct_static_scalar.obj
d:\documents\sd_internship\prog\f425_p0.3u1\nufft\nufft_v3\x64\release\direct.obj
d:\documents\sd_internship\prog\f425_p0.3u1\lib\nufft_v3.lib
d:\documents\sd_internship\prog\test_writing\nufft\nufft_v3\x64\release\direct.obj
d:\documents\sd_internship\prog\test_writing\nufft\nufft_v3\x64\release\direct_static_scalar.obj
d:\documents\sd_internship\prog\test_writing\nufft\nufft_v3\x64\release\direct_static_vector.obj
d:\documents\sd_internship\prog\test_writing\nufft\nufft_v3\x64\release\domain.obj
d:\documents\sd_internship\prog\test_writing\nufft\nufft_v3\x64\release\field.obj
d:\documents\sd_internship\prog\test_writing\nufft\nufft_v3\x64\release\field_static_scalar.obj
d:\documents\sd_internship\prog\test_writing\nufft\nufft_v3\x64\release\field_static_vector.obj
d:\documents\sd_internship\prog\test_writing\nufft\nufft_v3\x64\release\interfacefor.obj
d:\documents\sd_internship\prog\test_writing\nufft\nufft_v3\x64\release\nbodyfast.obj
d:\documents\sd_internship\prog\test_writing\nufft\nufft_v3\x64\release\nufft.obj
d:\documents\sd_internship\prog\test_writing\nufft\nufft_v3\x64\release\nufft_static_scalar.obj
d:\documents\sd_internship\prog\test_writing\nufft\nufft_v3\x64\release\nufft_static_vector.obj
d:\documents\sd_internship\prog\test_writing\nufft\nufft_v3\x64\release\vc120.pdb
d:\documents\sd_internship\prog\test_writing\nufft\nufft_v3\x64\release\nufft_v3.tlog\cl.command.1.tlog
d:\documents\sd_internship\prog\test_writing\nufft\nufft_v3\x64\release\nufft_v3.tlog\cl.read.1.tlog
d:\documents\sd_internship\prog\test_writing\nufft\nufft_v3\x64\release\nufft_v3.tlog\cl.write.1.tlog
d:\documents\sd_internship\prog\test_writing\nufft\nufft_v3\x64\release\nufft_v3.tlog\lib-link.read.1.tlog
d:\documents\sd_internship\prog\test_writing\nufft\nufft_v3\x64\release\nufft_v3.tlog\lib-link.write.1.tlog
d:\documents\sd_internship\prog\test_writing\nufft\nufft_v3\x64\release\nufft_v3.tlog\lib.command.1.tlog
