Build started 6/5/2015 1:31:17 AM.
     1>Project "C:\Users\menar_000\Desktop\150512_Original_Garanin\NUFFT\NUFFT_CUDA_V3\NUFFT_CUDA_V3.vcxproj" on node 3 (Rebuild target(s)).
     1>CudaClean:
         cmd.exe /C "C:\Users\menar_000\AppData\Local\Temp\tmp071a9e3cc3d547529449d2361be5db3d.cmd"
         "C:\Program Files\NVIDIA GPU Computing Toolkit\CUDA\v7.0\bin\nvcc.exe" -ccbin "C:\Program Files (x86)\Microsoft Visual Studio 12.0\VC\bin"  -I"C:\Program Files\NVIDIA GPU Computing Toolkit\CUDA\v7.0\include" -I"C:\Program Files\NVIDIA GPU Computing Toolkit\CUDA\v7.0\include"     --keep-dir Release -maxrregcount=0  --machine 32 --compile      -DWIN32 -DNDEBUG -D_CONSOLE -D_MBCS -Xcompiler "/EHsc /W3 /nologo /O2 /Zi  /MD  " -o Release\direct_static_scalar_gpu.cu.obj "C:\Users\menar_000\Desktop\150512_Original_Garanin\NUFFT\NUFFT_CUDA_V3\direct_static_scalar_gpu.cu" -clean
         
         C:\Users\menar_000\Desktop\150512_Original_Garanin\NUFFT\NUFFT_CUDA_V3>"C:\Program Files\NVIDIA GPU Computing Toolkit\CUDA\v7.0\bin\nvcc.exe" -ccbin "C:\Program Files (x86)\Microsoft Visual Studio 12.0\VC\bin"  -I"C:\Program Files\NVIDIA GPU Computing Toolkit\CUDA\v7.0\include" -I"C:\Program Files\NVIDIA GPU Computing Toolkit\CUDA\v7.0\include"     --keep-dir Release -maxrregcount=0  --machine 32 --compile      -DWIN32 -DNDEBUG -D_CONSOLE -D_MBCS -Xcompiler "/EHsc /W3 /nologo /O2 /Zi  /MD  " -o Release\direct_static_scalar_gpu.cu.obj "C:\Users\menar_000\Desktop\150512_Original_Garanin\NUFFT\NUFFT_CUDA_V3\direct_static_scalar_gpu.cu" -clean 
         direct_static_scalar_gpu.cu
       CudaClean:
         cmd.exe /C "C:\Users\menar_000\AppData\Local\Temp\tmpded6eab981af40e58f45450af8426b07.cmd"
         "C:\Program Files\NVIDIA GPU Computing Toolkit\CUDA\v7.0\bin\nvcc.exe" -ccbin "C:\Program Files (x86)\Microsoft Visual Studio 12.0\VC\bin"  -I"C:\Program Files\NVIDIA GPU Computing Toolkit\CUDA\v7.0\include" -I"C:\Program Files\NVIDIA GPU Computing Toolkit\CUDA\v7.0\include"     --keep-dir Release -maxrregcount=0  --machine 32 --compile      -DWIN32 -DNDEBUG -D_CONSOLE -D_MBCS -Xcompiler "/EHsc /W3 /nologo /O2 /Zi  /MD  " -o Release\direct_static_scalar_gpu_kernel.cu.obj "C:\Users\menar_000\Desktop\150512_Original_Garanin\NUFFT\NUFFT_CUDA_V3\direct_static_scalar_gpu_kernel.cu" -clean
         
         C:\Users\menar_000\Desktop\150512_Original_Garanin\NUFFT\NUFFT_CUDA_V3>"C:\Program Files\NVIDIA GPU Computing Toolkit\CUDA\v7.0\bin\nvcc.exe" -ccbin "C:\Program Files (x86)\Microsoft Visual Studio 12.0\VC\bin"  -I"C:\Program Files\NVIDIA GPU Computing Toolkit\CUDA\v7.0\include" -I"C:\Program Files\NVIDIA GPU Computing Toolkit\CUDA\v7.0\include"     --keep-dir Release -maxrregcount=0  --machine 32 --compile      -DWIN32 -DNDEBUG -D_CONSOLE -D_MBCS -Xcompiler "/EHsc /W3 /nologo /O2 /Zi  /MD  " -o Release\direct_static_scalar_gpu_kernel.cu.obj "C:\Users\menar_000\Desktop\150512_Original_Garanin\NUFFT\NUFFT_CUDA_V3\direct_static_scalar_gpu_kernel.cu" -clean 
         direct_static_scalar_gpu_kernel.cu
       CudaClean:
         cmd.exe /C "C:\Users\menar_000\AppData\Local\Temp\tmp8b7ce97bdcbb456a8c79fe23bd8dc759.cmd"
         "C:\Program Files\NVIDIA GPU Computing Toolkit\CUDA\v7.0\bin\nvcc.exe" -ccbin "C:\Program Files (x86)\Microsoft Visual Studio 12.0\VC\bin"  -I"C:\Program Files\NVIDIA GPU Computing Toolkit\CUDA\v7.0\include" -I"C:\Program Files\NVIDIA GPU Computing Toolkit\CUDA\v7.0\include"     --keep-dir Release -maxrregcount=0  --machine 32 --compile      -DWIN32 -DNDEBUG -D_CONSOLE -D_MBCS -Xcompiler "/EHsc /W3 /nologo /O2 /Zi  /MD  " -o Release\direct_static_vector_gpu.cu.obj "C:\Users\menar_000\Desktop\150512_Original_Garanin\NUFFT\NUFFT_CUDA_V3\direct_static_vector_gpu.cu" -clean
         
         C:\Users\menar_000\Desktop\150512_Original_Garanin\NUFFT\NUFFT_CUDA_V3>"C:\Program Files\NVIDIA GPU Computing Toolkit\CUDA\v7.0\bin\nvcc.exe" -ccbin "C:\Program Files (x86)\Microsoft Visual Studio 12.0\VC\bin"  -I"C:\Program Files\NVIDIA GPU Computing Toolkit\CUDA\v7.0\include" -I"C:\Program Files\NVIDIA GPU Computing Toolkit\CUDA\v7.0\include"     --keep-dir Release -maxrregcount=0  --machine 32 --compile      -DWIN32 -DNDEBUG -D_CONSOLE -D_MBCS -Xcompiler "/EHsc /W3 /nologo /O2 /Zi  /MD  " -o Release\direct_static_vector_gpu.cu.obj "C:\Users\menar_000\Desktop\150512_Original_Garanin\NUFFT\NUFFT_CUDA_V3\direct_static_vector_gpu.cu" -clean 
         direct_static_vector_gpu.cu
       CudaClean:
         cmd.exe /C "C:\Users\menar_000\AppData\Local\Temp\tmpfe4857d732064909a310a6825de11251.cmd"
         "C:\Program Files\NVIDIA GPU Computing Toolkit\CUDA\v7.0\bin\nvcc.exe" -ccbin "C:\Program Files (x86)\Microsoft Visual Studio 12.0\VC\bin"  -I"C:\Program Files\NVIDIA GPU Computing Toolkit\CUDA\v7.0\include" -I"C:\Program Files\NVIDIA GPU Computing Toolkit\CUDA\v7.0\include"     --keep-dir Release -maxrregcount=0  --machine 32 --compile      -DWIN32 -DNDEBUG -D_CONSOLE -D_MBCS -Xcompiler "/EHsc /W3 /nologo /O2 /Zi  /MD  " -o Release\direct_static_vector_gpu_kernel.cu.obj "C:\Users\menar_000\Desktop\150512_Original_Garanin\NUFFT\NUFFT_CUDA_V3\direct_static_vector_gpu_kernel.cu" -clean
         
         C:\Users\menar_000\Desktop\150512_Original_Garanin\NUFFT\NUFFT_CUDA_V3>"C:\Program Files\NVIDIA GPU Computing Toolkit\CUDA\v7.0\bin\nvcc.exe" -ccbin "C:\Program Files (x86)\Microsoft Visual Studio 12.0\VC\bin"  -I"C:\Program Files\NVIDIA GPU Computing Toolkit\CUDA\v7.0\include" -I"C:\Program Files\NVIDIA GPU Computing Toolkit\CUDA\v7.0\include"     --keep-dir Release -maxrregcount=0  --machine 32 --compile      -DWIN32 -DNDEBUG -D_CONSOLE -D_MBCS -Xcompiler "/EHsc /W3 /nologo /O2 /Zi  /MD  " -o Release\direct_static_vector_gpu_kernel.cu.obj "C:\Users\menar_000\Desktop\150512_Original_Garanin\NUFFT\NUFFT_CUDA_V3\direct_static_vector_gpu_kernel.cu" -clean 
         direct_static_vector_gpu_kernel.cu
       CudaClean:
         cmd.exe /C "C:\Users\menar_000\AppData\Local\Temp\tmp14f6e3f449d34dc087f6ff19b968d0fe.cmd"
         "C:\Program Files\NVIDIA GPU Computing Toolkit\CUDA\v7.0\bin\nvcc.exe" -ccbin "C:\Program Files (x86)\Microsoft Visual Studio 12.0\VC\bin"  -I"C:\Program Files\NVIDIA GPU Computing Toolkit\CUDA\v7.0\include" -I"C:\Program Files\NVIDIA GPU Computing Toolkit\CUDA\v7.0\include"     --keep-dir Release -maxrregcount=0  --machine 32 --compile      -DWIN32 -DNDEBUG -D_CONSOLE -D_MBCS -Xcompiler "/EHsc /W3 /nologo /O2 /Zi  /MD  " -o Release\field_gpu.cu.obj "C:\Users\menar_000\Desktop\150512_Original_Garanin\NUFFT\NUFFT_CUDA_V3\field_gpu.cu" -clean
         
         C:\Users\menar_000\Desktop\150512_Original_Garanin\NUFFT\NUFFT_CUDA_V3>"C:\Program Files\NVIDIA GPU Computing Toolkit\CUDA\v7.0\bin\nvcc.exe" -ccbin "C:\Program Files (x86)\Microsoft Visual Studio 12.0\VC\bin"  -I"C:\Program Files\NVIDIA GPU Computing Toolkit\CUDA\v7.0\include" -I"C:\Program Files\NVIDIA GPU Computing Toolkit\CUDA\v7.0\include"     --keep-dir Release -maxrregcount=0  --machine 32 --compile      -DWIN32 -DNDEBUG -D_CONSOLE -D_MBCS -Xcompiler "/EHsc /W3 /nologo /O2 /Zi  /MD  " -o Release\field_gpu.cu.obj "C:\Users\menar_000\Desktop\150512_Original_Garanin\NUFFT\NUFFT_CUDA_V3\field_gpu.cu" -clean 
         field_gpu.cu
       CudaClean:
         cmd.exe /C "C:\Users\menar_000\AppData\Local\Temp\tmp1570523c0b694109a8367dd2737cadf0.cmd"
         "C:\Program Files\NVIDIA GPU Computing Toolkit\CUDA\v7.0\bin\nvcc.exe" -ccbin "C:\Program Files (x86)\Microsoft Visual Studio 12.0\VC\bin"  -I"C:\Program Files\NVIDIA GPU Computing Toolkit\CUDA\v7.0\include" -I"C:\Program Files\NVIDIA GPU Computing Toolkit\CUDA\v7.0\include"     --keep-dir Release -maxrregcount=0  --machine 32 --compile      -DWIN32 -DNDEBUG -D_CONSOLE -D_MBCS -Xcompiler "/EHsc /W3 /nologo /O2 /Zi  /MD  " -o Release\field_static_scalar_gpu.cu.obj "C:\Users\menar_000\Desktop\150512_Original_Garanin\NUFFT\NUFFT_CUDA_V3\field_static_scalar_gpu.cu" -clean
         
         C:\Users\menar_000\Desktop\150512_Original_Garanin\NUFFT\NUFFT_CUDA_V3>"C:\Program Files\NVIDIA GPU Computing Toolkit\CUDA\v7.0\bin\nvcc.exe" -ccbin "C:\Program Files (x86)\Microsoft Visual Studio 12.0\VC\bin"  -I"C:\Program Files\NVIDIA GPU Computing Toolkit\CUDA\v7.0\include" -I"C:\Program Files\NVIDIA GPU Computing Toolkit\CUDA\v7.0\include"     --keep-dir Release -maxrregcount=0  --machine 32 --compile      -DWIN32 -DNDEBUG -D_CONSOLE -D_MBCS -Xcompiler "/EHsc /W3 /nologo /O2 /Zi  /MD  " -o Release\field_static_scalar_gpu.cu.obj "C:\Users\menar_000\Desktop\150512_Original_Garanin\NUFFT\NUFFT_CUDA_V3\field_static_scalar_gpu.cu" -clean 
         field_static_scalar_gpu.cu
       CudaClean:
         cmd.exe /C "C:\Users\menar_000\AppData\Local\Temp\tmpdc3ca85b53f341d8a344f5f97b4dc56e.cmd"
         "C:\Program Files\NVIDIA GPU Computing Toolkit\CUDA\v7.0\bin\nvcc.exe" -ccbin "C:\Program Files (x86)\Microsoft Visual Studio 12.0\VC\bin"  -I"C:\Program Files\NVIDIA GPU Computing Toolkit\CUDA\v7.0\include" -I"C:\Program Files\NVIDIA GPU Computing Toolkit\CUDA\v7.0\include"     --keep-dir Release -maxrregcount=0  --machine 32 --compile      -DWIN32 -DNDEBUG -D_CONSOLE -D_MBCS -Xcompiler "/EHsc /W3 /nologo /O2 /Zi  /MD  " -o Release\field_static_vector_gpu.cu.obj "C:\Users\menar_000\Desktop\150512_Original_Garanin\NUFFT\NUFFT_CUDA_V3\field_static_vector_gpu.cu" -clean
         
         C:\Users\menar_000\Desktop\150512_Original_Garanin\NUFFT\NUFFT_CUDA_V3>"C:\Program Files\NVIDIA GPU Computing Toolkit\CUDA\v7.0\bin\nvcc.exe" -ccbin "C:\Program Files (x86)\Microsoft Visual Studio 12.0\VC\bin"  -I"C:\Program Files\NVIDIA GPU Computing Toolkit\CUDA\v7.0\include" -I"C:\Program Files\NVIDIA GPU Computing Toolkit\CUDA\v7.0\include"     --keep-dir Release -maxrregcount=0  --machine 32 --compile      -DWIN32 -DNDEBUG -D_CONSOLE -D_MBCS -Xcompiler "/EHsc /W3 /nologo /O2 /Zi  /MD  " -o Release\field_static_vector_gpu.cu.obj "C:\Users\menar_000\Desktop\150512_Original_Garanin\NUFFT\NUFFT_CUDA_V3\field_static_vector_gpu.cu" -clean 
     1>C:\Program Files (x86)\MSBuild\Microsoft.Cpp\v4.0\V120\BuildCustomizations\CUDA 7.0.targets(759,9): warning MSB5021: "cmd" and its child processes are being terminated in order to cancel the build.
     1>Done Building Project "C:\Users\menar_000\Desktop\150512_Original_Garanin\NUFFT\NUFFT_CUDA_V3\NUFFT_CUDA_V3.vcxproj" (Rebuild target(s)) -- FAILED.

Build FAILED.

Time Elapsed 00:00:04.15
