Build started 2/27/2017 6:09:03 PM.
     1>Project "D:\Documents\SD_internship\Prog\Test_writing\NUFFT\NUFFT_CUDA_V3\NUFFT_CUDA_V3.vcxproj" on node 2 (Clean target(s)).
     1>CudaClean:
         cmd.exe /C "C:\Users\arakiri\AppData\Local\Temp\tmp3c679257384f4cea93cc38ca8e5fb75d.cmd"
         "C:\Program Files\NVIDIA GPU Computing Toolkit\CUDA\v7.5\bin\nvcc.exe" -ccbin "C:\Program Files (x86)\Microsoft Visual Studio 12.0\VC\bin\x86_amd64"  -I..\NUFFT_V3 -I"C:\Program Files\NVIDIA GPU Computing Toolkit\CUDA\v7.5\include" -I"C:\Program Files\NVIDIA GPU Computing Toolkit\CUDA\v7.5\include"  -G   --keep-dir x64\Debug -maxrregcount=0  --machine 64 --compile   -g   -DWIN32 -DWIN64 -D_DEBUG -D_CONSOLE -D_MBCS -Xcompiler "/EHsc /W3 /nologo /Od /Zi  /MTd " -o x64\Debug\direct_static_scalar_gpu.cu.obj "D:\Documents\SD_internship\Prog\Test_writing\NUFFT\NUFFT_CUDA_V3\direct_static_scalar_gpu.cu" -clean
         
         D:\Documents\SD_internship\Prog\Test_writing\NUFFT\NUFFT_CUDA_V3>"C:\Program Files\NVIDIA GPU Computing Toolkit\CUDA\v7.5\bin\nvcc.exe" -ccbin "C:\Program Files (x86)\Microsoft Visual Studio 12.0\VC\bin\x86_amd64"  -I..\NUFFT_V3 -I"C:\Program Files\NVIDIA GPU Computing Toolkit\CUDA\v7.5\include" -I"C:\Program Files\NVIDIA GPU Computing Toolkit\CUDA\v7.5\include"  -G   --keep-dir x64\Debug -maxrregcount=0  --machine 64 --compile   -g   -DWIN32 -DWIN64 -D_DEBUG -D_CONSOLE -D_MBCS -Xcompiler "/EHsc /W3 /nologo /Od /Zi  /MTd " -o x64\Debug\direct_static_scalar_gpu.cu.obj "D:\Documents\SD_internship\Prog\Test_writing\NUFFT\NUFFT_CUDA_V3\direct_static_scalar_gpu.cu" -clean 
         direct_static_scalar_gpu.cu
       CudaClean:
         cmd.exe /C "C:\Users\arakiri\AppData\Local\Temp\tmpfe8c52bceaab49ce88368a830ec9cb88.cmd"
         "C:\Program Files\NVIDIA GPU Computing Toolkit\CUDA\v7.5\bin\nvcc.exe" -ccbin "C:\Program Files (x86)\Microsoft Visual Studio 12.0\VC\bin\x86_amd64"  -I..\NUFFT_V3 -I"C:\Program Files\NVIDIA GPU Computing Toolkit\CUDA\v7.5\include" -I"C:\Program Files\NVIDIA GPU Computing Toolkit\CUDA\v7.5\include"  -G   --keep-dir x64\Debug -maxrregcount=0  --machine 64 --compile   -g   -DWIN32 -DWIN64 -D_DEBUG -D_CONSOLE -D_MBCS -Xcompiler "/EHsc /W3 /nologo /Od /Zi  /MTd " -o x64\Debug\direct_static_scalar_gpu_kernel.cu.obj "D:\Documents\SD_internship\Prog\Test_writing\NUFFT\NUFFT_CUDA_V3\direct_static_scalar_gpu_kernel.cu" -clean
         
         D:\Documents\SD_internship\Prog\Test_writing\NUFFT\NUFFT_CUDA_V3>"C:\Program Files\NVIDIA GPU Computing Toolkit\CUDA\v7.5\bin\nvcc.exe" -ccbin "C:\Program Files (x86)\Microsoft Visual Studio 12.0\VC\bin\x86_amd64"  -I..\NUFFT_V3 -I"C:\Program Files\NVIDIA GPU Computing Toolkit\CUDA\v7.5\include" -I"C:\Program Files\NVIDIA GPU Computing Toolkit\CUDA\v7.5\include"  -G   --keep-dir x64\Debug -maxrregcount=0  --machine 64 --compile   -g   -DWIN32 -DWIN64 -D_DEBUG -D_CONSOLE -D_MBCS -Xcompiler "/EHsc /W3 /nologo /Od /Zi  /MTd " -o x64\Debug\direct_static_scalar_gpu_kernel.cu.obj "D:\Documents\SD_internship\Prog\Test_writing\NUFFT\NUFFT_CUDA_V3\direct_static_scalar_gpu_kernel.cu" -clean 
         direct_static_scalar_gpu_kernel.cu
       CudaClean:
         cmd.exe /C "C:\Users\arakiri\AppData\Local\Temp\tmp99cd586a1bb048ca94bc9faf5836117d.cmd"
         "C:\Program Files\NVIDIA GPU Computing Toolkit\CUDA\v7.5\bin\nvcc.exe" -ccbin "C:\Program Files (x86)\Microsoft Visual Studio 12.0\VC\bin\x86_amd64"  -I..\NUFFT_V3 -I"C:\Program Files\NVIDIA GPU Computing Toolkit\CUDA\v7.5\include" -I"C:\Program Files\NVIDIA GPU Computing Toolkit\CUDA\v7.5\include"  -G   --keep-dir x64\Debug -maxrregcount=0  --machine 64 --compile   -g   -DWIN32 -DWIN64 -D_DEBUG -D_CONSOLE -D_MBCS -Xcompiler "/EHsc /W3 /nologo /Od /Zi  /MTd " -o x64\Debug\direct_static_vector_gpu.cu.obj "D:\Documents\SD_internship\Prog\Test_writing\NUFFT\NUFFT_CUDA_V3\direct_static_vector_gpu.cu" -clean
         
         D:\Documents\SD_internship\Prog\Test_writing\NUFFT\NUFFT_CUDA_V3>"C:\Program Files\NVIDIA GPU Computing Toolkit\CUDA\v7.5\bin\nvcc.exe" -ccbin "C:\Program Files (x86)\Microsoft Visual Studio 12.0\VC\bin\x86_amd64"  -I..\NUFFT_V3 -I"C:\Program Files\NVIDIA GPU Computing Toolkit\CUDA\v7.5\include" -I"C:\Program Files\NVIDIA GPU Computing Toolkit\CUDA\v7.5\include"  -G   --keep-dir x64\Debug -maxrregcount=0  --machine 64 --compile   -g   -DWIN32 -DWIN64 -D_DEBUG -D_CONSOLE -D_MBCS -Xcompiler "/EHsc /W3 /nologo /Od /Zi  /MTd " -o x64\Debug\direct_static_vector_gpu.cu.obj "D:\Documents\SD_internship\Prog\Test_writing\NUFFT\NUFFT_CUDA_V3\direct_static_vector_gpu.cu" -clean 
         direct_static_vector_gpu.cu
       CudaClean:
         cmd.exe /C "C:\Users\arakiri\AppData\Local\Temp\tmp8bffcae722f44894a9b992115c87b55d.cmd"
         "C:\Program Files\NVIDIA GPU Computing Toolkit\CUDA\v7.5\bin\nvcc.exe" -ccbin "C:\Program Files (x86)\Microsoft Visual Studio 12.0\VC\bin\x86_amd64"  -I..\NUFFT_V3 -I"C:\Program Files\NVIDIA GPU Computing Toolkit\CUDA\v7.5\include" -I"C:\Program Files\NVIDIA GPU Computing Toolkit\CUDA\v7.5\include"  -G   --keep-dir x64\Debug -maxrregcount=0  --machine 64 --compile   -g   -DWIN32 -DWIN64 -D_DEBUG -D_CONSOLE -D_MBCS -Xcompiler "/EHsc /W3 /nologo /Od /Zi  /MTd " -o x64\Debug\direct_static_vector_gpu_kernel.cu.obj "D:\Documents\SD_internship\Prog\Test_writing\NUFFT\NUFFT_CUDA_V3\direct_static_vector_gpu_kernel.cu" -clean
         
         D:\Documents\SD_internship\Prog\Test_writing\NUFFT\NUFFT_CUDA_V3>"C:\Program Files\NVIDIA GPU Computing Toolkit\CUDA\v7.5\bin\nvcc.exe" -ccbin "C:\Program Files (x86)\Microsoft Visual Studio 12.0\VC\bin\x86_amd64"  -I..\NUFFT_V3 -I"C:\Program Files\NVIDIA GPU Computing Toolkit\CUDA\v7.5\include" -I"C:\Program Files\NVIDIA GPU Computing Toolkit\CUDA\v7.5\include"  -G   --keep-dir x64\Debug -maxrregcount=0  --machine 64 --compile   -g   -DWIN32 -DWIN64 -D_DEBUG -D_CONSOLE -D_MBCS -Xcompiler "/EHsc /W3 /nologo /Od /Zi  /MTd " -o x64\Debug\direct_static_vector_gpu_kernel.cu.obj "D:\Documents\SD_internship\Prog\Test_writing\NUFFT\NUFFT_CUDA_V3\direct_static_vector_gpu_kernel.cu" -clean 
         direct_static_vector_gpu_kernel.cu
       CudaClean:
         cmd.exe /C "C:\Users\arakiri\AppData\Local\Temp\tmpd87265e8c45c40ad9eb6576bcaec39b5.cmd"
         "C:\Program Files\NVIDIA GPU Computing Toolkit\CUDA\v7.5\bin\nvcc.exe" -ccbin "C:\Program Files (x86)\Microsoft Visual Studio 12.0\VC\bin\x86_amd64"  -I..\NUFFT_V3 -I"C:\Program Files\NVIDIA GPU Computing Toolkit\CUDA\v7.5\include" -I"C:\Program Files\NVIDIA GPU Computing Toolkit\CUDA\v7.5\include"  -G   --keep-dir x64\Debug -maxrregcount=0  --machine 64 --compile   -g   -DWIN32 -DWIN64 -D_DEBUG -D_CONSOLE -D_MBCS -Xcompiler "/EHsc /W3 /nologo /Od /Zi  /MTd " -o x64\Debug\field_gpu.cu.obj "D:\Documents\SD_internship\Prog\Test_writing\NUFFT\NUFFT_CUDA_V3\field_gpu.cu" -clean
         
         D:\Documents\SD_internship\Prog\Test_writing\NUFFT\NUFFT_CUDA_V3>"C:\Program Files\NVIDIA GPU Computing Toolkit\CUDA\v7.5\bin\nvcc.exe" -ccbin "C:\Program Files (x86)\Microsoft Visual Studio 12.0\VC\bin\x86_amd64"  -I..\NUFFT_V3 -I"C:\Program Files\NVIDIA GPU Computing Toolkit\CUDA\v7.5\include" -I"C:\Program Files\NVIDIA GPU Computing Toolkit\CUDA\v7.5\include"  -G   --keep-dir x64\Debug -maxrregcount=0  --machine 64 --compile   -g   -DWIN32 -DWIN64 -D_DEBUG -D_CONSOLE -D_MBCS -Xcompiler "/EHsc /W3 /nologo /Od /Zi  /MTd " -o x64\Debug\field_gpu.cu.obj "D:\Documents\SD_internship\Prog\Test_writing\NUFFT\NUFFT_CUDA_V3\field_gpu.cu" -clean 
         field_gpu.cu
       CudaClean:
         cmd.exe /C "C:\Users\arakiri\AppData\Local\Temp\tmp0ae9f04ea215446cb4e2e87569992eae.cmd"
         "C:\Program Files\NVIDIA GPU Computing Toolkit\CUDA\v7.5\bin\nvcc.exe" -ccbin "C:\Program Files (x86)\Microsoft Visual Studio 12.0\VC\bin\x86_amd64"  -I..\NUFFT_V3 -I"C:\Program Files\NVIDIA GPU Computing Toolkit\CUDA\v7.5\include" -I"C:\Program Files\NVIDIA GPU Computing Toolkit\CUDA\v7.5\include"  -G   --keep-dir x64\Debug -maxrregcount=0  --machine 64 --compile   -g   -DWIN32 -DWIN64 -D_DEBUG -D_CONSOLE -D_MBCS -Xcompiler "/EHsc /W3 /nologo /Od /Zi  /MTd " -o x64\Debug\field_static_scalar_gpu.cu.obj "D:\Documents\SD_internship\Prog\Test_writing\NUFFT\NUFFT_CUDA_V3\field_static_scalar_gpu.cu" -clean
         
         D:\Documents\SD_internship\Prog\Test_writing\NUFFT\NUFFT_CUDA_V3>"C:\Program Files\NVIDIA GPU Computing Toolkit\CUDA\v7.5\bin\nvcc.exe" -ccbin "C:\Program Files (x86)\Microsoft Visual Studio 12.0\VC\bin\x86_amd64"  -I..\NUFFT_V3 -I"C:\Program Files\NVIDIA GPU Computing Toolkit\CUDA\v7.5\include" -I"C:\Program Files\NVIDIA GPU Computing Toolkit\CUDA\v7.5\include"  -G   --keep-dir x64\Debug -maxrregcount=0  --machine 64 --compile   -g   -DWIN32 -DWIN64 -D_DEBUG -D_CONSOLE -D_MBCS -Xcompiler "/EHsc /W3 /nologo /Od /Zi  /MTd " -o x64\Debug\field_static_scalar_gpu.cu.obj "D:\Documents\SD_internship\Prog\Test_writing\NUFFT\NUFFT_CUDA_V3\field_static_scalar_gpu.cu" -clean 
         field_static_scalar_gpu.cu
       CudaClean:
         cmd.exe /C "C:\Users\arakiri\AppData\Local\Temp\tmpe316326ccfc542cf852bc863aa2d6cc4.cmd"
         "C:\Program Files\NVIDIA GPU Computing Toolkit\CUDA\v7.5\bin\nvcc.exe" -ccbin "C:\Program Files (x86)\Microsoft Visual Studio 12.0\VC\bin\x86_amd64"  -I..\NUFFT_V3 -I"C:\Program Files\NVIDIA GPU Computing Toolkit\CUDA\v7.5\include" -I"C:\Program Files\NVIDIA GPU Computing Toolkit\CUDA\v7.5\include"  -G   --keep-dir x64\Debug -maxrregcount=0  --machine 64 --compile   -g   -DWIN32 -DWIN64 -D_DEBUG -D_CONSOLE -D_MBCS -Xcompiler "/EHsc /W3 /nologo /Od /Zi  /MTd " -o x64\Debug\field_static_vector_gpu.cu.obj "D:\Documents\SD_internship\Prog\Test_writing\NUFFT\NUFFT_CUDA_V3\field_static_vector_gpu.cu" -clean
         
         D:\Documents\SD_internship\Prog\Test_writing\NUFFT\NUFFT_CUDA_V3>"C:\Program Files\NVIDIA GPU Computing Toolkit\CUDA\v7.5\bin\nvcc.exe" -ccbin "C:\Program Files (x86)\Microsoft Visual Studio 12.0\VC\bin\x86_amd64"  -I..\NUFFT_V3 -I"C:\Program Files\NVIDIA GPU Computing Toolkit\CUDA\v7.5\include" -I"C:\Program Files\NVIDIA GPU Computing Toolkit\CUDA\v7.5\include"  -G   --keep-dir x64\Debug -maxrregcount=0  --machine 64 --compile   -g   -DWIN32 -DWIN64 -D_DEBUG -D_CONSOLE -D_MBCS -Xcompiler "/EHsc /W3 /nologo /Od /Zi  /MTd " -o x64\Debug\field_static_vector_gpu.cu.obj "D:\Documents\SD_internship\Prog\Test_writing\NUFFT\NUFFT_CUDA_V3\field_static_vector_gpu.cu" -clean 
         field_static_vector_gpu.cu
       CudaClean:
         cmd.exe /C "C:\Users\arakiri\AppData\Local\Temp\tmp0e45bd4e2ad84542a9acd7bd526ad79c.cmd"
         "C:\Program Files\NVIDIA GPU Computing Toolkit\CUDA\v7.5\bin\nvcc.exe" -ccbin "C:\Program Files (x86)\Microsoft Visual Studio 12.0\VC\bin\x86_amd64"  -I..\NUFFT_V3 -I"C:\Program Files\NVIDIA GPU Computing Toolkit\CUDA\v7.5\include" -I"C:\Program Files\NVIDIA GPU Computing Toolkit\CUDA\v7.5\include"  -G   --keep-dir x64\Debug -maxrregcount=0  --machine 64 --compile   -g   -DWIN32 -DWIN64 -D_DEBUG -D_CONSOLE -D_MBCS -Xcompiler "/EHsc /W3 /nologo /Od /Zi  /MTd " -o x64\Debug\gpu.cu.obj "D:\Documents\SD_internship\Prog\Test_writing\NUFFT\NUFFT_CUDA_V3\gpu.cu" -clean
         
         D:\Documents\SD_internship\Prog\Test_writing\NUFFT\NUFFT_CUDA_V3>"C:\Program Files\NVIDIA GPU Computing Toolkit\CUDA\v7.5\bin\nvcc.exe" -ccbin "C:\Program Files (x86)\Microsoft Visual Studio 12.0\VC\bin\x86_amd64"  -I..\NUFFT_V3 -I"C:\Program Files\NVIDIA GPU Computing Toolkit\CUDA\v7.5\include" -I"C:\Program Files\NVIDIA GPU Computing Toolkit\CUDA\v7.5\include"  -G   --keep-dir x64\Debug -maxrregcount=0  --machine 64 --compile   -g   -DWIN32 -DWIN64 -D_DEBUG -D_CONSOLE -D_MBCS -Xcompiler "/EHsc /W3 /nologo /Od /Zi  /MTd " -o x64\Debug\gpu.cu.obj "D:\Documents\SD_internship\Prog\Test_writing\NUFFT\NUFFT_CUDA_V3\gpu.cu" -clean 
         gpu.cu
       CudaClean:
         cmd.exe /C "C:\Users\arakiri\AppData\Local\Temp\tmp8457d1c3037d45ba813b7abb6263a89c.cmd"
         "C:\Program Files\NVIDIA GPU Computing Toolkit\CUDA\v7.5\bin\nvcc.exe" -ccbin "C:\Program Files (x86)\Microsoft Visual Studio 12.0\VC\bin\x86_amd64"  -I..\NUFFT_V3 -I"C:\Program Files\NVIDIA GPU Computing Toolkit\CUDA\v7.5\include" -I"C:\Program Files\NVIDIA GPU Computing Toolkit\CUDA\v7.5\include"  -G   --keep-dir x64\Debug -maxrregcount=0  --machine 64 --compile   -g   -DWIN32 -DWIN64 -D_DEBUG -D_CONSOLE -D_MBCS -Xcompiler "/EHsc /W3 /nologo /Od /Zi  /MTd " -o x64\Debug\nufft_gpu.cu.obj "D:\Documents\SD_internship\Prog\Test_writing\NUFFT\NUFFT_CUDA_V3\nufft_gpu.cu" -clean
         
         D:\Documents\SD_internship\Prog\Test_writing\NUFFT\NUFFT_CUDA_V3>"C:\Program Files\NVIDIA GPU Computing Toolkit\CUDA\v7.5\bin\nvcc.exe" -ccbin "C:\Program Files (x86)\Microsoft Visual Studio 12.0\VC\bin\x86_amd64"  -I..\NUFFT_V3 -I"C:\Program Files\NVIDIA GPU Computing Toolkit\CUDA\v7.5\include" -I"C:\Program Files\NVIDIA GPU Computing Toolkit\CUDA\v7.5\include"  -G   --keep-dir x64\Debug -maxrregcount=0  --machine 64 --compile   -g   -DWIN32 -DWIN64 -D_DEBUG -D_CONSOLE -D_MBCS -Xcompiler "/EHsc /W3 /nologo /Od /Zi  /MTd " -o x64\Debug\nufft_gpu.cu.obj "D:\Documents\SD_internship\Prog\Test_writing\NUFFT\NUFFT_CUDA_V3\nufft_gpu.cu" -clean 
         nufft_gpu.cu
       CudaClean:
         cmd.exe /C "C:\Users\arakiri\AppData\Local\Temp\tmp65104e59855d467abd16a626208af626.cmd"
         "C:\Program Files\NVIDIA GPU Computing Toolkit\CUDA\v7.5\bin\nvcc.exe" -ccbin "C:\Program Files (x86)\Microsoft Visual Studio 12.0\VC\bin\x86_amd64"  -I..\NUFFT_V3 -I"C:\Program Files\NVIDIA GPU Computing Toolkit\CUDA\v7.5\include" -I"C:\Program Files\NVIDIA GPU Computing Toolkit\CUDA\v7.5\include"  -G   --keep-dir x64\Debug -maxrregcount=0  --machine 64 --compile   -g   -DWIN32 -DWIN64 -D_DEBUG -D_CONSOLE -D_MBCS -Xcompiler "/EHsc /W3 /nologo /Od /Zi  /MTd " -o x64\Debug\nufft_static_scalar_gpu.cu.obj "D:\Documents\SD_internship\Prog\Test_writing\NUFFT\NUFFT_CUDA_V3\nufft_static_scalar_gpu.cu" -clean
         
         D:\Documents\SD_internship\Prog\Test_writing\NUFFT\NUFFT_CUDA_V3>"C:\Program Files\NVIDIA GPU Computing Toolkit\CUDA\v7.5\bin\nvcc.exe" -ccbin "C:\Program Files (x86)\Microsoft Visual Studio 12.0\VC\bin\x86_amd64"  -I..\NUFFT_V3 -I"C:\Program Files\NVIDIA GPU Computing Toolkit\CUDA\v7.5\include" -I"C:\Program Files\NVIDIA GPU Computing Toolkit\CUDA\v7.5\include"  -G   --keep-dir x64\Debug -maxrregcount=0  --machine 64 --compile   -g   -DWIN32 -DWIN64 -D_DEBUG -D_CONSOLE -D_MBCS -Xcompiler "/EHsc /W3 /nologo /Od /Zi  /MTd " -o x64\Debug\nufft_static_scalar_gpu.cu.obj "D:\Documents\SD_internship\Prog\Test_writing\NUFFT\NUFFT_CUDA_V3\nufft_static_scalar_gpu.cu" -clean 
         nufft_static_scalar_gpu.cu
       CudaClean:
         cmd.exe /C "C:\Users\arakiri\AppData\Local\Temp\tmpad5244e1eb0c4ea4b771facd4fd8e610.cmd"
         "C:\Program Files\NVIDIA GPU Computing Toolkit\CUDA\v7.5\bin\nvcc.exe" -ccbin "C:\Program Files (x86)\Microsoft Visual Studio 12.0\VC\bin\x86_amd64"  -I..\NUFFT_V3 -I"C:\Program Files\NVIDIA GPU Computing Toolkit\CUDA\v7.5\include" -I"C:\Program Files\NVIDIA GPU Computing Toolkit\CUDA\v7.5\include"  -G   --keep-dir x64\Debug -maxrregcount=0  --machine 64 --compile   -g   -DWIN32 -DWIN64 -D_DEBUG -D_CONSOLE -D_MBCS -Xcompiler "/EHsc /W3 /nologo /Od /Zi  /MTd " -o x64\Debug\nufft_static_scalar_gpu_kernel.cu.obj "D:\Documents\SD_internship\Prog\Test_writing\NUFFT\NUFFT_CUDA_V3\nufft_static_scalar_gpu_kernel.cu" -clean
         
         D:\Documents\SD_internship\Prog\Test_writing\NUFFT\NUFFT_CUDA_V3>"C:\Program Files\NVIDIA GPU Computing Toolkit\CUDA\v7.5\bin\nvcc.exe" -ccbin "C:\Program Files (x86)\Microsoft Visual Studio 12.0\VC\bin\x86_amd64"  -I..\NUFFT_V3 -I"C:\Program Files\NVIDIA GPU Computing Toolkit\CUDA\v7.5\include" -I"C:\Program Files\NVIDIA GPU Computing Toolkit\CUDA\v7.5\include"  -G   --keep-dir x64\Debug -maxrregcount=0  --machine 64 --compile   -g   -DWIN32 -DWIN64 -D_DEBUG -D_CONSOLE -D_MBCS -Xcompiler "/EHsc /W3 /nologo /Od /Zi  /MTd " -o x64\Debug\nufft_static_scalar_gpu_kernel.cu.obj "D:\Documents\SD_internship\Prog\Test_writing\NUFFT\NUFFT_CUDA_V3\nufft_static_scalar_gpu_kernel.cu" -clean 
         nufft_static_scalar_gpu_kernel.cu
       CudaClean:
         cmd.exe /C "C:\Users\arakiri\AppData\Local\Temp\tmpcd030112c7a943c1a467da6ac1926fd2.cmd"
         "C:\Program Files\NVIDIA GPU Computing Toolkit\CUDA\v7.5\bin\nvcc.exe" -ccbin "C:\Program Files (x86)\Microsoft Visual Studio 12.0\VC\bin\x86_amd64"  -I..\NUFFT_V3 -I"C:\Program Files\NVIDIA GPU Computing Toolkit\CUDA\v7.5\include" -I"C:\Program Files\NVIDIA GPU Computing Toolkit\CUDA\v7.5\include"  -G   --keep-dir x64\Debug -maxrregcount=0  --machine 64 --compile   -g   -DWIN32 -DWIN64 -D_DEBUG -D_CONSOLE -D_MBCS -Xcompiler "/EHsc /W3 /nologo /Od /Zi  /MTd " -o x64\Debug\nufft_static_vector_gpu.cu.obj "D:\Documents\SD_internship\Prog\Test_writing\NUFFT\NUFFT_CUDA_V3\nufft_static_vector_gpu.cu" -clean
         
         D:\Documents\SD_internship\Prog\Test_writing\NUFFT\NUFFT_CUDA_V3>"C:\Program Files\NVIDIA GPU Computing Toolkit\CUDA\v7.5\bin\nvcc.exe" -ccbin "C:\Program Files (x86)\Microsoft Visual Studio 12.0\VC\bin\x86_amd64"  -I..\NUFFT_V3 -I"C:\Program Files\NVIDIA GPU Computing Toolkit\CUDA\v7.5\include" -I"C:\Program Files\NVIDIA GPU Computing Toolkit\CUDA\v7.5\include"  -G   --keep-dir x64\Debug -maxrregcount=0  --machine 64 --compile   -g   -DWIN32 -DWIN64 -D_DEBUG -D_CONSOLE -D_MBCS -Xcompiler "/EHsc /W3 /nologo /Od /Zi  /MTd " -o x64\Debug\nufft_static_vector_gpu.cu.obj "D:\Documents\SD_internship\Prog\Test_writing\NUFFT\NUFFT_CUDA_V3\nufft_static_vector_gpu.cu" -clean 
         nufft_static_vector_gpu.cu
       CudaClean:
         cmd.exe /C "C:\Users\arakiri\AppData\Local\Temp\tmp646304bcb6ae401a9d52ef7c94629fa5.cmd"
         "C:\Program Files\NVIDIA GPU Computing Toolkit\CUDA\v7.5\bin\nvcc.exe" -ccbin "C:\Program Files (x86)\Microsoft Visual Studio 12.0\VC\bin\x86_amd64"  -I..\NUFFT_V3 -I"C:\Program Files\NVIDIA GPU Computing Toolkit\CUDA\v7.5\include" -I"C:\Program Files\NVIDIA GPU Computing Toolkit\CUDA\v7.5\include"  -G   --keep-dir x64\Debug -maxrregcount=0  --machine 64 --compile   -g   -DWIN32 -DWIN64 -D_DEBUG -D_CONSOLE -D_MBCS -Xcompiler "/EHsc /W3 /nologo /Od /Zi  /MTd " -o x64\Debug\nufft_static_vector_gpu_kernel.cu.obj "D:\Documents\SD_internship\Prog\Test_writing\NUFFT\NUFFT_CUDA_V3\nufft_static_vector_gpu_kernel.cu" -clean
         
         D:\Documents\SD_internship\Prog\Test_writing\NUFFT\NUFFT_CUDA_V3>"C:\Program Files\NVIDIA GPU Computing Toolkit\CUDA\v7.5\bin\nvcc.exe" -ccbin "C:\Program Files (x86)\Microsoft Visual Studio 12.0\VC\bin\x86_amd64"  -I..\NUFFT_V3 -I"C:\Program Files\NVIDIA GPU Computing Toolkit\CUDA\v7.5\include" -I"C:\Program Files\NVIDIA GPU Computing Toolkit\CUDA\v7.5\include"  -G   --keep-dir x64\Debug -maxrregcount=0  --machine 64 --compile   -g   -DWIN32 -DWIN64 -D_DEBUG -D_CONSOLE -D_MBCS -Xcompiler "/EHsc /W3 /nologo /Od /Zi  /MTd " -o x64\Debug\nufft_static_vector_gpu_kernel.cu.obj "D:\Documents\SD_internship\Prog\Test_writing\NUFFT\NUFFT_CUDA_V3\nufft_static_vector_gpu_kernel.cu" -clean 
         nufft_static_vector_gpu_kernel.cu
     1>Done Building Project "D:\Documents\SD_internship\Prog\Test_writing\NUFFT\NUFFT_CUDA_V3\NUFFT_CUDA_V3.vcxproj" (Clean target(s)).

Build succeeded.

Time Elapsed 00:00:06.80
