d:\documents\sd_internship\prog\f425_p0.3u1\lib\nufft_cuda_v3_debug.lib
d:\documents\sd_internship\prog\test_writing\nufft\nufft_cuda_v3\x64\debug\direct_static_scalar_gpu.cu.cache
d:\documents\sd_internship\prog\test_writing\nufft\nufft_cuda_v3\x64\debug\direct_static_scalar_gpu_kernel.cu.cache
d:\documents\sd_internship\prog\test_writing\nufft\nufft_cuda_v3\x64\debug\direct_static_vector_gpu.cu.cache
d:\documents\sd_internship\prog\test_writing\nufft\nufft_cuda_v3\x64\debug\direct_static_vector_gpu_kernel.cu.cache
d:\documents\sd_internship\prog\test_writing\nufft\nufft_cuda_v3\x64\debug\field_gpu.cu.cache
d:\documents\sd_internship\prog\test_writing\nufft\nufft_cuda_v3\x64\debug\field_static_scalar_gpu.cu.cache
d:\documents\sd_internship\prog\test_writing\nufft\nufft_cuda_v3\x64\debug\field_static_vector_gpu.cu.cache
d:\documents\sd_internship\prog\test_writing\nufft\nufft_cuda_v3\x64\debug\gpu.cu.cache
d:\documents\sd_internship\prog\test_writing\nufft\nufft_cuda_v3\x64\debug\nufft_gpu.cu.cache
d:\documents\sd_internship\prog\test_writing\nufft\nufft_cuda_v3\x64\debug\nufft_static_scalar_gpu.cu.cache
d:\documents\sd_internship\prog\test_writing\nufft\nufft_cuda_v3\x64\debug\nufft_static_scalar_gpu_kernel.cu.cache
d:\documents\sd_internship\prog\test_writing\nufft\nufft_cuda_v3\x64\debug\nufft_static_vector_gpu.cu.cache
d:\documents\sd_internship\prog\test_writing\nufft\nufft_cuda_v3\x64\debug\nufft_static_vector_gpu_kernel.cu.cache
d:\documents\sd_internship\prog\test_writing\nufft\nufft_cuda_v3\x64\debug\direct_static_scalar_gpu.cu.obj
d:\documents\sd_internship\prog\test_writing\nufft\nufft_cuda_v3\x64\debug\direct_static_scalar_gpu_kernel.cu.obj
d:\documents\sd_internship\prog\test_writing\nufft\nufft_cuda_v3\x64\debug\direct_static_vector_gpu.cu.obj
d:\documents\sd_internship\prog\test_writing\nufft\nufft_cuda_v3\x64\debug\direct_static_vector_gpu_kernel.cu.obj
d:\documents\sd_internship\prog\test_writing\nufft\nufft_cuda_v3\x64\debug\field_gpu.cu.obj
d:\documents\sd_internship\prog\test_writing\nufft\nufft_cuda_v3\x64\debug\field_static_scalar_gpu.cu.obj
d:\documents\sd_internship\prog\test_writing\nufft\nufft_cuda_v3\x64\debug\field_static_vector_gpu.cu.obj
d:\documents\sd_internship\prog\test_writing\nufft\nufft_cuda_v3\x64\debug\gpu.cu.obj
d:\documents\sd_internship\prog\test_writing\nufft\nufft_cuda_v3\x64\debug\nufft_gpu.cu.obj
d:\documents\sd_internship\prog\test_writing\nufft\nufft_cuda_v3\x64\debug\nufft_static_scalar_gpu.cu.obj
d:\documents\sd_internship\prog\test_writing\nufft\nufft_cuda_v3\x64\debug\nufft_static_scalar_gpu_kernel.cu.obj
d:\documents\sd_internship\prog\test_writing\nufft\nufft_cuda_v3\x64\debug\nufft_static_vector_gpu.cu.obj
d:\documents\sd_internship\prog\test_writing\nufft\nufft_cuda_v3\x64\debug\nufft_static_vector_gpu_kernel.cu.obj
d:\documents\sd_internship\prog\test_writing\lib\nufft_cuda_v3.lib
d:\documents\sd_internship\prog\test_writing\nufft\nufft_cuda_v3\x64\debug\nufft_cuda_v3.tlog\lib-link.read.1.tlog
d:\documents\sd_internship\prog\test_writing\nufft\nufft_cuda_v3\x64\debug\nufft_cuda_v3.tlog\lib-link.write.1.tlog
d:\documents\sd_internship\prog\test_writing\nufft\nufft_cuda_v3\x64\debug\nufft_cuda_v3.tlog\lib.command.1.tlog
